"../../../Engine/Content/EngineDamageTypes/DmgTypeBP_Environmental.uasset" 0
"../../../Engine/Content/EngineDamageTypes/DmgTypeBP_Environmental.uexp" 1
"../../../Engine/Content/Maps/Templates/Thumbnails/VR-Basic.uasset" 2
"../../../Engine/Content/Maps/Templates/Thumbnails/VR-Basic.uexp" 3
"../../../Engine/Content/Maps/Templates/Thumbnails/TimeOfDay.uasset" 4
"../../../Engine/Content/Maps/Templates/Thumbnails/TimeOfDay.uexp" 5
"../../../Engine/Content/Maps/Templates/Thumbnails/Default.uasset" 6
"../../../Engine/Content/Maps/Templates/Thumbnails/Default.uexp" 7
"../../../Engine/Content/EngineResources/WhiteSquareTexture.uasset" 8
"../../../Engine/Content/EngineResources/WhiteSquareTexture.uexp" 9
"../../../Engine/Content/EngineMaterials/Widget3DPassThrough.uasset" 10
"../../../Engine/Content/EngineMaterials/Widget3DPassThrough.uexp" 11
"../../../Engine/Content/EngineMaterials/Widget3DPassThrough_Opaque.uasset" 12
"../../../Engine/Content/EngineMaterials/Widget3DPassThrough_Opaque.uexp" 13
"../../../Engine/Content/EngineMaterials/Widget3DPassThrough_Opaque_OneSided.uasset" 14
"../../../Engine/Content/EngineMaterials/Widget3DPassThrough_Opaque_OneSided.uexp" 15
"../../../Engine/Content/EngineMaterials/GizmoMaterial.uasset" 16
"../../../Engine/Content/EngineMaterials/GizmoMaterial.uexp" 17
"../../../Engine/Content/EngineMaterials/DefaultWhiteGrid_Low.uasset" 18
"../../../Engine/Content/EngineMaterials/DefaultWhiteGrid_Low.uexp" 19
"../../../Engine/Content/EngineMaterials/EmissiveMeshMaterial.uasset" 20
"../../../Engine/Content/EngineMaterials/EmissiveMeshMaterial.uexp" 21
"../../../Engine/Content/EngineMaterials/EditorBrushMaterial.uasset" 22
"../../../Engine/Content/EngineMaterials/EditorBrushMaterial.uexp" 23
"../../../Engine/Content/Functions/Engine_MaterialFunctions02/Utility/BreakOutFloat2Components.uasset" 24
"../../../Engine/Content/Functions/Engine_MaterialFunctions02/Utility/BreakOutFloat2Components.uexp" 25
"../../../Engine/Content/EngineMaterials/HighResScreenshotCaptureRegion.uasset" 26
"../../../Engine/Content/EngineMaterials/HighResScreenshotCaptureRegion.uexp" 27
"../../../Engine/Content/EngineMaterials/BaseFlattenNormalMap.uasset" 28
"../../../Engine/Content/EngineMaterials/BaseFlattenNormalMap.uexp" 29
"../../../Engine/Content/EngineMaterials/BaseFlattenGrayscaleMap.uasset" 30
"../../../Engine/Content/EngineMaterials/BaseFlattenGrayscaleMap.uexp" 31
"../../../Engine/Content/EngineMaterials/BaseFlattenEmissiveMap.uasset" 32
"../../../Engine/Content/EngineMaterials/BaseFlattenEmissiveMap.uexp" 33
"../../../Engine/Content/EngineMaterials/BaseFlattenDiffuseMap.uasset" 34
"../../../Engine/Content/EngineMaterials/BaseFlattenDiffuseMap.uexp" 35
"../../../Engine/Content/EngineMaterials/BaseFlattenMaterial.uasset" 36
"../../../Engine/Content/EngineMaterials/BaseFlattenMaterial.uexp" 37
"../../../Engine/Content/EngineMaterials/DefaultBloomKernel.uasset" 38
"../../../Engine/Content/EngineMaterials/DefaultBloomKernel.uexp" 39
"../../../Engine/Content/EngineMaterials/BlinkingCaret.uasset" 40
"../../../Engine/Content/EngineMaterials/BlinkingCaret.uexp" 41
"../../../Engine/Content/EngineMaterials/Good64x64TilingNoiseHighFreq.uasset" 42
"../../../Engine/Content/EngineMaterials/Good64x64TilingNoiseHighFreq.uexp" 43
"../../../Engine/Content/EngineMaterials/LandscapeHolePhysicalMaterial.uasset" 44
"../../../Engine/Content/EngineMaterials/LandscapeHolePhysicalMaterial.uexp" 45
"../../../Engine/Content/Functions/Engine_MaterialFunctions02/WorldPositionOffset/CameraOffset.uasset" 46
"../../../Engine/Content/Functions/Engine_MaterialFunctions02/WorldPositionOffset/CameraOffset.uexp" 47
"../../../Engine/Content/EngineMaterials/PhAT_JointLimitMaterial.uasset" 48
"../../../Engine/Content/EngineMaterials/PhAT_JointLimitMaterial.uexp" 49
"../../../Engine/Content/EngineMaterials/WeightMapPlaceholderTexture.uasset" 50
"../../../Engine/Content/EngineMaterials/WeightMapPlaceholderTexture.uexp" 51
"../../../Engine/Content/EngineMaterials/DefaultBokeh.uasset" 52
"../../../Engine/Content/EngineMaterials/DefaultBokeh.uexp" 53
"../../../Engine/Content/EngineFonts/RobotoDistanceField.uasset" 54
"../../../Engine/Content/EngineFonts/RobotoDistanceField.uexp" 55
"../../../Engine/Content/EngineMaterials/DefaultTextMaterialOpaque.uasset" 56
"../../../Engine/Content/EngineMaterials/DefaultTextMaterialOpaque.uexp" 57
"../../../Engine/Content/EngineMaterials/DefaultLightFunctionMaterial.uasset" 58
"../../../Engine/Content/EngineMaterials/DefaultLightFunctionMaterial.uexp" 59
"../../../Engine/Content/EngineMaterials/Widget3DPassThrough_Masked_OneSided.uasset" 60
"../../../Engine/Content/EngineMaterials/Widget3DPassThrough_Masked_OneSided.uexp" 61
"../../../Engine/Content/Functions/Engine_MaterialFunctions02/Utility/MakeFloat3.uasset" 62
"../../../Engine/Content/Functions/Engine_MaterialFunctions02/Utility/MakeFloat3.uexp" 63
"../../../Engine/Content/Functions/Engine_MaterialFunctions02/Utility/BreakOutFloat3Components.uasset" 64
"../../../Engine/Content/Functions/Engine_MaterialFunctions02/Utility/BreakOutFloat3Components.uexp" 65
"../../../Engine/Content/Functions/Engine_MaterialFunctions01/ImageAdjustment/sRGBToLinear.uasset" 66
"../../../Engine/Content/Functions/Engine_MaterialFunctions01/ImageAdjustment/sRGBToLinear.uexp" 67
"../../../Engine/Content/EngineMaterials/Widget3DCameraPassThrough_Opaque_OneSided.uasset" 68
"../../../Engine/Content/EngineMaterials/Widget3DCameraPassThrough_Opaque_OneSided.uexp" 69
"../../../Engine/Content/EngineMaterials/DefaultDiffuse.uasset" 70
"../../../Engine/Content/EngineMaterials/DefaultDiffuse.uexp" 71
"../../../Engine/Content/EngineMaterials/DefaultDiffuse.ubulk" 72
"../../../Engine/Content/EngineMaterials/DefaultDeferredDecalMaterial.uasset" 73
"../../../Engine/Content/EngineMaterials/DefaultDeferredDecalMaterial.uexp" 74
"../../../Engine/Content/EngineMaterials/DefaultNormal.uasset" 75
"../../../Engine/Content/EngineMaterials/DefaultNormal.uexp" 76
"../../../Engine/Content/EngineMaterials/DefaultNormal.ubulk" 77
"../../../Engine/Content/EngineMaterials/DefaultCalibrationColor.uasset" 78
"../../../Engine/Content/EngineMaterials/DefaultCalibrationColor.uexp" 79
"../../../Engine/Content/EngineMaterials/PPM_DefaultCalibrationColor.uasset" 80
"../../../Engine/Content/EngineMaterials/PPM_DefaultCalibrationColor.uexp" 81
"../../../Engine/Content/EngineMaterials/PreintegratedSkinBRDF.uasset" 82
"../../../Engine/Content/EngineMaterials/PreintegratedSkinBRDF.uexp" 83
"../../../Engine/Content/EngineMaterials/RemoveSurfaceMaterial.uasset" 84
"../../../Engine/Content/EngineMaterials/RemoveSurfaceMaterial.uexp" 85
"../../../Engine/Content/EngineMaterials/BlueNoise.uasset" 86
"../../../Engine/Content/EngineMaterials/BlueNoise.uexp" 87
"../../../Engine/Content/EngineMaterials/DefaultPostProcessMaterial.uasset" 88
"../../../Engine/Content/EngineMaterials/DefaultPostProcessMaterial.uexp" 89
"../../../Engine/Content/EngineMaterials/PaperDiffuse.uasset" 90
"../../../Engine/Content/EngineMaterials/PaperDiffuse.uexp" 91
"../../../Engine/Content/EngineMaterials/PaperNormal.uasset" 92
"../../../Engine/Content/EngineMaterials/PaperNormal.uexp" 93
"../../../Engine/Content/EngineMaterials/PhysMat_Rubber.uasset" 94
"../../../Engine/Content/EngineMaterials/PhysMat_Rubber.uexp" 95
"../../../Engine/Content/EngineMaterials/HighResolutionScreenshotMaskFunction.uasset" 96
"../../../Engine/Content/EngineMaterials/HighResolutionScreenshotMaskFunction.uexp" 97
"../../../Engine/Content/EngineMaterials/HighResScreenshotMask.uasset" 98
"../../../Engine/Content/EngineMaterials/HighResScreenshotMask.uexp" 99
"../../../Engine/Content/EngineMaterials/DefaultCalibrationGrayscale.uasset" 100
"../../../Engine/Content/EngineMaterials/DefaultCalibrationGrayscale.uexp" 101
"../../../Engine/Content/EngineMaterials/PPM_DefaultCalibrationGrayscale.uasset" 102
"../../../Engine/Content/EngineMaterials/PPM_DefaultCalibrationGrayscale.uexp" 103
"../../../Engine/Content/EngineMaterials/InvalidLightmapSettings.uasset" 104
"../../../Engine/Content/EngineMaterials/InvalidLightmapSettings.uexp" 105
"../../../Engine/Content/EngineMaterials/InvalidLightmapSettings.ubulk" 106
"../../../Engine/Content/EngineMaterials/M_InvalidLightmapSettings.uasset" 107
"../../../Engine/Content/EngineMaterials/M_InvalidLightmapSettings.uexp" 108
"../../../Engine/Content/EngineMaterials/HighResScreenshot.uasset" 109
"../../../Engine/Content/EngineMaterials/HighResScreenshot.uexp" 110
"../../../Engine/Content/EngineMaterials/Grid_N.uasset" 111
"../../../Engine/Content/EngineMaterials/Grid_N.uexp" 112
"../../../Engine/Content/EngineMaterials/Grid_N.ubulk" 113
"../../../Engine/Content/EngineMaterials/Widget3DPassThrough_Masked.uasset" 114
"../../../Engine/Content/EngineMaterials/Widget3DPassThrough_Masked.uexp" 115
"../../../Engine/Content/EngineMaterials/Widget3DPassThrough_Translucent.uasset" 116
"../../../Engine/Content/EngineMaterials/Widget3DPassThrough_Translucent.uexp" 117
"../../../Engine/Content/EngineMaterials/Widget3DPassThrough_Translucent_OneSided.uasset" 118
"../../../Engine/Content/EngineMaterials/Widget3DPassThrough_Translucent_OneSided.uexp" 119
"../../../Engine/Content/EngineMeshes/Sphere.uasset" 120
"../../../Engine/Content/EngineMeshes/Sphere.uexp" 121
"../../../Engine/Content/EngineMaterials/T_Default_Material_Grid_N.uasset" 122
"../../../Engine/Content/EngineMaterials/T_Default_Material_Grid_N.uexp" 123
"../../../Engine/Content/EngineMaterials/T_Default_Material_Grid_N.ubulk" 124
"../../../Engine/Content/EngineMaterials/T_Default_Material_Grid_M.uasset" 125
"../../../Engine/Content/EngineMaterials/T_Default_Material_Grid_M.uexp" 126
"../../../Engine/Content/EngineMaterials/T_Default_Material_Grid_M.ubulk" 127
"../../../Engine/Content/Functions/Engine_MaterialFunctions01/Opacity/CameraDepthFade.uasset" 128
"../../../Engine/Content/Functions/Engine_MaterialFunctions01/Opacity/CameraDepthFade.uexp" 129
"../../../Engine/Content/EngineMaterials/DefaultMaterial.uasset" 130
"../../../Engine/Content/EngineMaterials/DefaultMaterial.uexp" 131
"../../../Engine/Content/EngineMeshes/Cylinder.uasset" 132
"../../../Engine/Content/EngineMeshes/Cylinder.uexp" 133
"../../../Engine/Content/EngineSky/VolumetricClouds/T_NoiseShape64.uasset" 134
"../../../Engine/Content/EngineSky/VolumetricClouds/T_NoiseShape64.uexp" 135
"../../../Engine/Content/EngineSky/VolumetricClouds/T_NoiseShape64.ubulk" 136
"../../../Engine/Content/EngineSky/VolumetricClouds/T_VolumeNoiseShape64.uasset" 137
"../../../Engine/Content/EngineSky/VolumetricClouds/T_VolumeNoiseShape64.uexp" 138
"../../../Engine/Content/EngineSky/VolumetricClouds/T_NoiseErosion.uasset" 139
"../../../Engine/Content/EngineSky/VolumetricClouds/T_NoiseErosion.uexp" 140
"../../../Engine/Content/EngineSky/VolumetricClouds/T_NoiseErosion.ubulk" 141
"../../../Engine/Content/EngineSky/VolumetricClouds/T_VolumeNoiseErosion32.uasset" 142
"../../../Engine/Content/EngineSky/VolumetricClouds/T_VolumeNoiseErosion32.uexp" 143
"../../../Engine/Content/EngineSky/VolumetricClouds/CloudGradientTexture.uasset" 144
"../../../Engine/Content/EngineSky/VolumetricClouds/CloudGradientTexture.uexp" 145
"../../../Engine/Content/EngineSky/VolumetricClouds/CloudWeatherTexture.uasset" 146
"../../../Engine/Content/EngineSky/VolumetricClouds/CloudWeatherTexture.uexp" 147
"../../../Engine/Content/Functions/Engine_MaterialFunctions02/Utility/MakeFloat2.uasset" 148
"../../../Engine/Content/Functions/Engine_MaterialFunctions02/Utility/MakeFloat2.uexp" 149
"../../../Engine/Content/EngineSky/VolumetricClouds/m_SimpleVolumetricCloud.uasset" 150
"../../../Engine/Content/EngineSky/VolumetricClouds/m_SimpleVolumetricCloud.uexp" 151
"../../../Engine/Content/EngineSky/VolumetricClouds/m_SimpleVolumetricCloud_Inst.uasset" 152
"../../../Engine/Content/EngineSky/VolumetricClouds/m_SimpleVolumetricCloud_Inst.uexp" 153
"../../../Engine/Content/EditorBlueprintResources/StandardMacros.uasset" 154
"../../../Engine/Content/EditorBlueprintResources/StandardMacros.uexp" 155
"../../../Engine/Content/EditorBlueprintResources/ActorMacros.uasset" 156
"../../../Engine/Content/EditorBlueprintResources/ActorMacros.uexp" 157
"../../../Engine/Content/Functions/Engine_MaterialFunctions01/Shading/PowerToRoughness.uasset" 158
"../../../Engine/Content/Functions/Engine_MaterialFunctions01/Shading/PowerToRoughness.uexp" 159
"../../../Engine/Content/MobileResources/T_MobileControls_texture.uasset" 160
"../../../Engine/Content/MobileResources/T_MobileControls_texture.uexp" 161
"../../../Engine/Content/MobileResources/T_MobileMenu2.uasset" 162
"../../../Engine/Content/MobileResources/T_MobileMenu2.uexp" 163
"../../../Engine/Content/MobileResources/HUD/MobileHUDDirectionPad3.uasset" 164
"../../../Engine/Content/MobileResources/HUD/MobileHUDDirectionPad3.uexp" 165
"../../../Engine/Content/MobileResources/HUD/MobileHUDButton1_on.uasset" 166
"../../../Engine/Content/MobileResources/HUD/MobileHUDButton1_on.uexp" 167
"../../../Engine/Content/MobileResources/HUD/VirtualJoystick_Thumb.uasset" 168
"../../../Engine/Content/MobileResources/HUD/VirtualJoystick_Thumb.uexp" 169
"../../../Engine/Content/MobileResources/HUD/VirtualJoystick_Background.uasset" 170
"../../../Engine/Content/MobileResources/HUD/VirtualJoystick_Background.uexp" 171
"../../../Engine/Content/MobileResources/HUD/DefaultVirtualJoysticks.uasset" 172
"../../../Engine/Content/MobileResources/HUD/DefaultVirtualJoysticks.uexp" 173
"../../../Engine/Content/MobileResources/HUD/MobileHUDButton2_on.uasset" 174
"../../../Engine/Content/MobileResources/HUD/MobileHUDButton2_on.uexp" 175
"../../../Engine/Content/MobileResources/HUD/T_Castle_ThumbstickOutter.uasset" 176
"../../../Engine/Content/MobileResources/HUD/T_Castle_ThumbstickOutter.uexp" 177
"../../../Engine/Content/MobileResources/HUD/MobileHUDButton3.uasset" 178
"../../../Engine/Content/MobileResources/HUD/MobileHUDButton3.uexp" 179
"../../../Engine/Content/MobileResources/HUD/MobileHUDButton2_off.uasset" 180
"../../../Engine/Content/MobileResources/HUD/MobileHUDButton2_off.uexp" 181
"../../../Engine/Content/MobileResources/HUD/MobileHUDButton1_off.uasset" 182
"../../../Engine/Content/MobileResources/HUD/MobileHUDButton1_off.uexp" 183
"../../../Engine/Content/MobileResources/HUD/T_Castle_ThumbstickInner.uasset" 184
"../../../Engine/Content/MobileResources/HUD/T_Castle_ThumbstickInner.uexp" 185
"../../../Engine/Content/MobileResources/HUD/MobileHUDDirectionPad2.uasset" 186
"../../../Engine/Content/MobileResources/HUD/MobileHUDDirectionPad2.uexp" 187
"../../../Engine/Content/MobileResources/HUD/AnalogHat.uasset" 188
"../../../Engine/Content/MobileResources/HUD/AnalogHat.uexp" 189
"../../../Engine/Content/MobileResources/HUD/MobileHUDDirectionStick.uasset" 190
"../../../Engine/Content/MobileResources/HUD/MobileHUDDirectionStick.uexp" 191
"../../../Engine/Content/MobileResources/HUD/MobileHUDButtonFire.uasset" 192
"../../../Engine/Content/MobileResources/HUD/MobileHUDButtonFire.uexp" 193
"../../../Engine/Content/MobileResources/HUD/MobileHUDDirectionPad.uasset" 194
"../../../Engine/Content/MobileResources/HUD/MobileHUDDirectionPad.uexp" 195
"../../../Engine/Content/MobileResources/HUD/LeftVirtualJoystickOnly.uasset" 196
"../../../Engine/Content/MobileResources/HUD/LeftVirtualJoystickOnly.uexp" 197
"../../../Engine/Content/EditorLandscapeResources/DefaultAlphaTexture.uasset" 198
"../../../Engine/Content/EditorLandscapeResources/DefaultAlphaTexture.uexp" 199
"../../../Engine/Content/EditorLandscapeResources/LandscapeGizmo_Mat.uasset" 200
"../../../Engine/Content/EditorLandscapeResources/LandscapeGizmo_Mat.uexp" 201
"../../../Engine/Content/EditorLandscapeResources/LandscapeGizmo_Mat_Copied.uasset" 202
"../../../Engine/Content/EditorLandscapeResources/LandscapeGizmo_Mat_Copied.uexp" 203
"../../../Engine/Content/EditorLandscapeResources/SplineEditorMeshMat.uasset" 204
"../../../Engine/Content/EditorLandscapeResources/SplineEditorMeshMat.uexp" 205
"../../../Engine/Content/EditorLandscapeResources/SplineEditorMesh.uasset" 206
"../../../Engine/Content/EditorLandscapeResources/SplineEditorMesh.uexp" 207
"../../../Engine/Content/EditorLandscapeResources/DataLayer.uasset" 208
"../../../Engine/Content/EditorLandscapeResources/DataLayer.uexp" 209
"../../../Engine/Content/EditorLandscapeResources/LandscapeGizmoHeight_Mat.uasset" 210
"../../../Engine/Content/EditorLandscapeResources/LandscapeGizmoHeight_Mat.uexp" 211
"../../../Engine/Content/BufferVisualization/LightingModel.uasset" 212
"../../../Engine/Content/BufferVisualization/LightingModel.uexp" 213
"../../../Engine/Content/BufferVisualization/SeparateTranslucencyA.uasset" 214
"../../../Engine/Content/BufferVisualization/SeparateTranslucencyA.uexp" 215
"../../../Engine/Content/BufferVisualization/WorldNormal.uasset" 216
"../../../Engine/Content/BufferVisualization/WorldNormal.uexp" 217
"../../../Engine/Content/BufferVisualization/SeparateTranslucencyRGB.uasset" 218
"../../../Engine/Content/BufferVisualization/SeparateTranslucencyRGB.uexp" 219
"../../../Engine/Content/Functions/Engine_MaterialFunctions02/Utility/AppendMany.uasset" 220
"../../../Engine/Content/Functions/Engine_MaterialFunctions02/Utility/AppendMany.uexp" 221
"../../../Engine/Content/BufferVisualization/Anisotropy.uasset" 222
"../../../Engine/Content/BufferVisualization/Anisotropy.uexp" 223
"../../../Engine/Content/BufferVisualization/Roughness.uasset" 224
"../../../Engine/Content/BufferVisualization/Roughness.uexp" 225
"../../../Engine/Content/BufferVisualization/PreTonemapHDRColor.uasset" 226
"../../../Engine/Content/BufferVisualization/PreTonemapHDRColor.uexp" 227
"../../../Engine/Content/BufferVisualization/Velocity.uasset" 228
"../../../Engine/Content/BufferVisualization/Velocity.uexp" 229
"../../../Engine/Content/Functions/Engine_MaterialFunctions02/Utility/VectorLength.uasset" 230
"../../../Engine/Content/Functions/Engine_MaterialFunctions02/Utility/VectorLength.uexp" 231
"../../../Engine/Content/BufferVisualization/CustomDepthWorldUnits.uasset" 232
"../../../Engine/Content/BufferVisualization/CustomDepthWorldUnits.uexp" 233
"../../../Engine/Content/BufferVisualization/CustomDepth.uasset" 234
"../../../Engine/Content/BufferVisualization/CustomDepth.uexp" 235
"../../../Engine/Content/BufferVisualization/SceneColor.uasset" 236
"../../../Engine/Content/BufferVisualization/SceneColor.uexp" 237
"../../../Engine/Content/BufferVisualization/PostTonemapHDRColor.uasset" 238
"../../../Engine/Content/BufferVisualization/PostTonemapHDRColor.uexp" 239
"../../../Engine/Content/BufferVisualization/Metallic.uasset" 240
"../../../Engine/Content/BufferVisualization/Metallic.uexp" 241
"../../../Engine/Content/BufferVisualization/Specular.uasset" 242
"../../../Engine/Content/BufferVisualization/Specular.uexp" 243
"../../../Engine/Content/BufferVisualization/SceneDepthWorldUnits.uasset" 244
"../../../Engine/Content/BufferVisualization/SceneDepthWorldUnits.uexp" 245
"../../../Engine/Content/BufferVisualization/Opacity.uasset" 246
"../../../Engine/Content/BufferVisualization/Opacity.uexp" 247
"../../../Engine/Content/BufferVisualization/SceneDepth.uasset" 248
"../../../Engine/Content/BufferVisualization/SceneDepth.uexp" 249
"../../../Engine/Content/BufferVisualization/WorldTangent.uasset" 250
"../../../Engine/Content/BufferVisualization/WorldTangent.uexp" 251
"../../../Engine/Content/EngineMaterials/MiniFont.uasset" 252
"../../../Engine/Content/EngineMaterials/MiniFont.uexp" 253
"../../../Engine/Content/Functions/Engine_MaterialFunctions02/ScreenResolution.uasset" 254
"../../../Engine/Content/Functions/Engine_MaterialFunctions02/ScreenResolution.uexp" 255
"../../../Engine/Content/Functions/Engine_MaterialFunctions01/Texturing/ScaleUVsByCenter.uasset" 256
"../../../Engine/Content/Functions/Engine_MaterialFunctions01/Texturing/ScaleUVsByCenter.uexp" 257
"../../../Engine/Content/Functions/Engine_MaterialFunctions02/Texturing/ScreenAlignedUVs.uasset" 258
"../../../Engine/Content/Functions/Engine_MaterialFunctions02/Texturing/ScreenAlignedUVs.uexp" 259
"../../../Engine/Content/BufferVisualization/CustomStencil.uasset" 260
"../../../Engine/Content/BufferVisualization/CustomStencil.uexp" 261
"../../../Engine/Content/EngineMaterials/DefaultPhysicalMaterial.uasset" 262
"../../../Engine/Content/EngineMaterials/DefaultPhysicalMaterial.uexp" 263
"../../../Engine/Content/BufferVisualization/AmbientOcclusion.uasset" 264
"../../../Engine/Content/BufferVisualization/AmbientOcclusion.uexp" 265
"../../../Engine/Content/BufferVisualization/MaterialAO.uasset" 266
"../../../Engine/Content/BufferVisualization/MaterialAO.uexp" 267
"../../../Engine/Content/BufferVisualization/FinalImage.uasset" 268
"../../../Engine/Content/BufferVisualization/FinalImage.uexp" 269
"../../../Engine/Content/BufferVisualization/BaseColor.uasset" 270
"../../../Engine/Content/BufferVisualization/BaseColor.uexp" 271
"../../../Engine/Content/BufferVisualization/SubsurfaceColor.uasset" 272
"../../../Engine/Content/BufferVisualization/SubsurfaceColor.uexp" 273
"../../../Engine/Content/EditorSounds/Notifications/CompileSuccess.uasset" 274
"../../../Engine/Content/EditorSounds/Notifications/CompileSuccess.uexp" 275
"../../../Engine/Content/EditorSounds/Notifications/CompileStart_Cue.uasset" 276
"../../../Engine/Content/EditorSounds/Notifications/CompileStart_Cue.uexp" 277
"../../../Engine/Content/EditorResources/MatineeCam_D.uasset" 278
"../../../Engine/Content/EditorResources/MatineeCam_D.uexp" 279
"../../../Engine/Content/EditorMaterials/MatineeCam_mat.uasset" 280
"../../../Engine/Content/EditorMaterials/MatineeCam_mat.uexp" 281
"../../../Engine/Content/EditorMeshes/MatineeCam_SM.uasset" 282
"../../../Engine/Content/EditorMeshes/MatineeCam_SM.uexp" 283
"../../../Engine/Content/EditorMaterials/Thumbnails/SkySphereMaterial.uasset" 284
"../../../Engine/Content/EditorMaterials/Thumbnails/SkySphereMaterial.uexp" 285
"../../../Engine/Content/EditorMeshes/EditorSkySphere.uasset" 286
"../../../Engine/Content/EditorMeshes/EditorSkySphere.uexp" 287
"../../../Engine/Content/Functions/Engine_MaterialFunctions01/Shading/ConvertFromDiffSpec.uasset" 288
"../../../Engine/Content/Functions/Engine_MaterialFunctions01/Shading/ConvertFromDiffSpec.uexp" 289
"../../../Engine/Content/EditorMaterials/GridMaterial.uasset" 290
"../../../Engine/Content/EditorMaterials/GridMaterial.uexp" 291
"../../../Engine/Content/EditorMeshes/PhAT_FloorBox.uasset" 292
"../../../Engine/Content/EditorMeshes/PhAT_FloorBox.uexp" 293
"../../../Engine/Content/EditorMeshes/EditorCube.uasset" 294
"../../../Engine/Content/EditorMeshes/EditorCube.uexp" 295
"../../../Engine/Content/EditorMeshes/EditorSphere.uasset" 296
"../../../Engine/Content/EditorMeshes/EditorSphere.uexp" 297
"../../../Engine/Content/EditorMeshes/EditorPlane.uasset" 298
"../../../Engine/Content/EditorMeshes/EditorPlane.uexp" 299
"../../../Engine/Content/EngineMaterials/WorldGridMaterial.uasset" 300
"../../../Engine/Content/EngineMaterials/WorldGridMaterial.uexp" 301
"../../../Engine/Content/EditorMeshes/PlanarReflectionPlane.uasset" 302
"../../../Engine/Content/EditorMeshes/PlanarReflectionPlane.uexp" 303
"../../../Engine/Content/EditorMeshes/EditorCylinder.uasset" 304
"../../../Engine/Content/EditorMeshes/EditorCylinder.uexp" 305
"../../../Engine/Content/EditorMaterials/Camera/CineMat.uasset" 306
"../../../Engine/Content/EditorMaterials/Camera/CineMat.uexp" 307
"../../../Engine/Content/EditorMaterials/Camera/MI_CineMat_Rig.uasset" 308
"../../../Engine/Content/EditorMaterials/Camera/MI_CineMat_Rig.uexp" 309
"../../../Engine/Content/EditorMeshes/Camera/SM_CraneRig_Mount.uasset" 310
"../../../Engine/Content/EditorMeshes/Camera/SM_CraneRig_Mount.uexp" 311
"../../../Engine/Content/EditorMeshes/Camera/SM_RailRig_Track.uasset" 312
"../../../Engine/Content/EditorMeshes/Camera/SM_RailRig_Track.uexp" 313
"../../../Engine/Content/EditorMeshes/Camera/SM_CraneRig_Body.uasset" 314
"../../../Engine/Content/EditorMeshes/Camera/SM_CraneRig_Body.uexp" 315
"../../../Engine/Content/EngineDebugMaterials/M_SimpleOpaque.uasset" 316
"../../../Engine/Content/EngineDebugMaterials/M_SimpleOpaque.uexp" 317
"../../../Engine/Content/EditorMaterials/Camera/MI_CineMat_CamViewFinder.uasset" 318
"../../../Engine/Content/EditorMaterials/Camera/MI_CineMat_CamViewFinder.uexp" 319
"../../../Engine/Content/EditorMaterials/Camera/MI_CineMat_CameraBody.uasset" 320
"../../../Engine/Content/EditorMaterials/Camera/MI_CineMat_CameraBody.uexp" 321
"../../../Engine/Content/EditorMeshes/Camera/SM_CineCam.uasset" 322
"../../../Engine/Content/EditorMeshes/Camera/SM_CineCam.uexp" 323
"../../../Engine/Content/EditorMeshes/Camera/SM_CraneRig_Arm.uasset" 324
"../../../Engine/Content/EditorMeshes/Camera/SM_CraneRig_Arm.uexp" 325
"../../../Engine/Content/EditorMeshes/Camera/SM_CraneRig_Base.uasset" 326
"../../../Engine/Content/EditorMeshes/Camera/SM_CraneRig_Base.uexp" 327
"../../../Engine/Content/EditorMeshes/Camera/SM_RailRig_Mount.uasset" 328
"../../../Engine/Content/EditorMeshes/Camera/SM_RailRig_Mount.uexp" 329
"../../../Engine/Content/EditorMeshes/ColorCalibrator/M_ChromeBall.uasset" 330
"../../../Engine/Content/EditorMeshes/ColorCalibrator/M_ChromeBall.uexp" 331
"../../../Engine/Content/MapTemplates/Sky/DaylightAmbientCubemap.uasset" 332
"../../../Engine/Content/MapTemplates/Sky/DaylightAmbientCubemap.uexp" 333
"../../../Engine/Content/EditorMaterials/WidgetMaterial_Y.uasset" 334
"../../../Engine/Content/EditorMaterials/WidgetMaterial_Y.uexp" 335
"../../../Engine/Content/EditorResources/LevelGrid1DStripes.uasset" 336
"../../../Engine/Content/EditorResources/LevelGrid1DStripes.uexp" 337
"../../../Engine/Content/EditorMaterials/TextureGridCascaded1D.uasset" 338
"../../../Engine/Content/EditorMaterials/TextureGridCascaded1D.uexp" 339
"../../../Engine/Content/EditorMaterials/TextureGridCascaded2D.uasset" 340
"../../../Engine/Content/EditorMaterials/TextureGridCascaded2D.uexp" 341
"../../../Engine/Content/EditorMaterials/MakeCompositeARGBLayer.uasset" 342
"../../../Engine/Content/EditorMaterials/MakeCompositeARGBLayer.uexp" 343
"../../../Engine/Content/EditorMaterials/CompositeARGBLayer.uasset" 344
"../../../Engine/Content/EditorMaterials/CompositeARGBLayer.uexp" 345
"../../../Engine/Content/EditorMaterials/LevelGridMaterial2.uasset" 346
"../../../Engine/Content/EditorMaterials/LevelGridMaterial2.uexp" 347
"../../../Engine/Content/EditorMaterials/MAT_Groups_Toggle.uasset" 348
"../../../Engine/Content/EditorMaterials/MAT_Groups_Toggle.uexp" 349
"../../../Engine/Content/EditorMaterials/PhAT_BoneSelectedMaterial.uasset" 350
"../../../Engine/Content/EditorMaterials/PhAT_BoneSelectedMaterial.uexp" 351
"../../../Engine/Content/EditorMaterials/TargetIcon.uasset" 352
"../../../Engine/Content/EditorMaterials/TargetIcon.uexp" 353
"../../../Engine/Content/EditorMaterials/TargetIcon.ubulk" 354
"../../../Engine/Content/EditorMaterials/WidgetGridVertexColorMaterial.uasset" 355
"../../../Engine/Content/EditorMaterials/WidgetGridVertexColorMaterial.uexp" 356
"../../../Engine/Content/EditorMaterials/WidgetGridVertexColorMaterial.ubulk" 357
"../../../Engine/Content/EditorMaterials/WidgetGridVertexColorMaterial_Ma.uasset" 358
"../../../Engine/Content/EditorMaterials/WidgetGridVertexColorMaterial_Ma.uexp" 359
"../../../Engine/Content/EditorMaterials/PhAT_NoCollisionMaterial.uasset" 360
"../../../Engine/Content/EditorMaterials/PhAT_NoCollisionMaterial.uexp" 361
"../../../Engine/Content/EditorMaterials/Tick.uasset" 362
"../../../Engine/Content/EditorMaterials/Tick.uexp" 363
"../../../Engine/Content/EditorMaterials/Tick_Mat.uasset" 364
"../../../Engine/Content/EditorMaterials/Tick_Mat.uexp" 365
"../../../Engine/Content/EditorMaterials/PhAT_UnselectedMaterial.uasset" 366
"../../../Engine/Content/EditorMaterials/PhAT_UnselectedMaterial.uexp" 367
"../../../Engine/Content/EditorMaterials/WidgetMaterial.uasset" 368
"../../../Engine/Content/EditorMaterials/WidgetMaterial.uexp" 369
"../../../Engine/Content/EditorMaterials/PreviewShadowIndicator.uasset" 370
"../../../Engine/Content/EditorMaterials/PreviewShadowIndicator.uexp" 371
"../../../Engine/Content/EditorMaterials/PreviewShadowIndicator.ubulk" 372
"../../../Engine/Content/EditorMaterials/PreviewShadowIndicatorMaterial.uasset" 373
"../../../Engine/Content/EditorMaterials/PreviewShadowIndicatorMaterial.uexp" 374
"../../../Engine/Content/EditorMaterials/WidgetMaterial_Z.uasset" 375
"../../../Engine/Content/EditorMaterials/WidgetMaterial_Z.uexp" 376
"../../../Engine/Content/Functions/Engine_MaterialFunctions02/Utility/Sign.uasset" 377
"../../../Engine/Content/Functions/Engine_MaterialFunctions02/Utility/Sign.uexp" 378
"../../../Engine/Content/Functions/Engine_MaterialFunctions02/Utility/Round.uasset" 379
"../../../Engine/Content/Functions/Engine_MaterialFunctions02/Utility/Round.uexp" 380
"../../../Engine/Content/Functions/Engine_MaterialFunctions02/ExampleContent/Textures/DebugNumberPeriod.uasset" 381
"../../../Engine/Content/Functions/Engine_MaterialFunctions02/ExampleContent/Textures/DebugNumberPeriod.uexp" 382
"../../../Engine/Content/Functions/Engine_MaterialFunctions02/ExampleContent/DebugNumberStrip.uasset" 383
"../../../Engine/Content/Functions/Engine_MaterialFunctions02/ExampleContent/DebugNumberStrip.uexp" 384
"../../../Engine/Content/Functions/Engine_MaterialFunctions01/Texturing/ComputeMipLevel.uasset" 385
"../../../Engine/Content/Functions/Engine_MaterialFunctions01/Texturing/ComputeMipLevel.uexp" 386
"../../../Engine/Content/Functions/Engine_MaterialFunctions01/Texturing/TextureCropping.uasset" 387
"../../../Engine/Content/Functions/Engine_MaterialFunctions01/Texturing/TextureCropping.uexp" 388
"../../../Engine/Content/Functions/Engine_MaterialFunctions02/Utility/DebugScalarValues.uasset" 389
"../../../Engine/Content/Functions/Engine_MaterialFunctions02/Utility/DebugScalarValues.uexp" 390
"../../../Engine/Content/Functions/Engine_MaterialFunctions02/Utility/DebugFloat2Values.uasset" 391
"../../../Engine/Content/Functions/Engine_MaterialFunctions02/Utility/DebugFloat2Values.uexp" 392
"../../../Engine/Content/Functions/Engine_MaterialFunctions02/ExampleContent/Textures/flipbook.uasset" 393
"../../../Engine/Content/Functions/Engine_MaterialFunctions02/ExampleContent/Textures/flipbook.uexp" 394
"../../../Engine/Content/Functions/Engine_MaterialFunctions02/ExampleContent/Textures/flipbook.ubulk" 395
"../../../Engine/Content/Functions/Engine_MaterialFunctions02/Texturing/FlipBook.uasset" 396
"../../../Engine/Content/Functions/Engine_MaterialFunctions02/Texturing/FlipBook.uexp" 397
"../../../Engine/Content/EditorResources/T_EditorHelp.uasset" 398
"../../../Engine/Content/EditorResources/T_EditorHelp.uexp" 399
"../../../Engine/Content/EditorResources/T_EditorHelp.ubulk" 400
"../../../Engine/Content/EditorMaterials/HelpActorMaterial.uasset" 401
"../../../Engine/Content/EditorMaterials/HelpActorMaterial.uexp" 402
"../../../Engine/Content/EditorMaterials/MAT_Groups_Visibility.uasset" 403
"../../../Engine/Content/EditorMaterials/MAT_Groups_Visibility.uexp" 404
"../../../Engine/Content/EditorMaterials/WidgetVertexColorMaterial.uasset" 405
"../../../Engine/Content/EditorMaterials/WidgetVertexColorMaterial.uexp" 406
"../../../Engine/Content/Functions/Engine_MaterialFunctions03/Procedurals/ComputeFilterWidth.uasset" 407
"../../../Engine/Content/Functions/Engine_MaterialFunctions03/Procedurals/ComputeFilterWidth.uexp" 408
"../../../Engine/Content/EngineMaterials/BlendFunc_DefBlend.uasset" 409
"../../../Engine/Content/EngineMaterials/BlendFunc_DefBlend.uexp" 410
"../../../Engine/Content/EngineMaterials/BlendFunc_DefBase.uasset" 411
"../../../Engine/Content/EngineMaterials/BlendFunc_DefBase.uexp" 412
"../../../Engine/Content/Functions/Engine_MaterialFunctions03/Blends/Blend_Screen.uasset" 413
"../../../Engine/Content/Functions/Engine_MaterialFunctions03/Blends/Blend_Screen.uexp" 414
"../../../Engine/Content/EditorMaterials/TilingAALineIntegral.uasset" 415
"../../../Engine/Content/EditorMaterials/TilingAALineIntegral.uexp" 416
"../../../Engine/Content/EditorMaterials/TilingAALineBoxFiltered.uasset" 417
"../../../Engine/Content/EditorMaterials/TilingAALineBoxFiltered.uexp" 418
"../../../Engine/Content/EditorMaterials/TilingAAGrid.uasset" 419
"../../../Engine/Content/EditorMaterials/TilingAAGrid.uexp" 420
"../../../Engine/Content/EditorMaterials/TilingAADots.uasset" 421
"../../../Engine/Content/EditorMaterials/TilingAADots.uexp" 422
"../../../Engine/Content/EditorMaterials/LevelGridMaterial.uasset" 423
"../../../Engine/Content/EditorMaterials/LevelGridMaterial.uexp" 424
"../../../Engine/Content/EditorMaterials/PhAT_ElemSelectedMaterial.uasset" 425
"../../../Engine/Content/EditorMaterials/PhAT_ElemSelectedMaterial.uexp" 426
"../../../Engine/Content/EditorMaterials/WidgetMaterial_Current.uasset" 427
"../../../Engine/Content/EditorMaterials/WidgetMaterial_Current.uexp" 428
"../../../Engine/Content/EditorMaterials/WidgetMaterial_X.uasset" 429
"../../../Engine/Content/EditorMaterials/WidgetMaterial_X.uexp" 430
"../../../Engine/Content/EngineMaterials/Grid.uasset" 431
"../../../Engine/Content/EngineMaterials/Grid.uexp" 432
"../../../Engine/Content/EngineMaterials/Grid.ubulk" 433
"../../../Engine/Content/EditorResources/TilePatine_N.uasset" 434
"../../../Engine/Content/EditorResources/TilePatine_N.uexp" 435
"../../../Engine/Content/EditorResources/TilePatine_N.ubulk" 436
"../../../Engine/Content/EditorResources/TilePatine_D.uasset" 437
"../../../Engine/Content/EditorResources/TilePatine_D.uexp" 438
"../../../Engine/Content/EditorResources/TilePatine_D.ubulk" 439
"../../../Engine/Content/EditorMaterials/AntialiasedGridFloor.uasset" 440
"../../../Engine/Content/EditorMaterials/AntialiasedGridFloor.uexp" 441
"../../../Engine/Content/EditorMaterials/PersonaFloorMat.uasset" 442
"../../../Engine/Content/EditorMaterials/PersonaFloorMat.uexp" 443
"../../../Engine/Content/EditorMaterials/Cross.uasset" 444
"../../../Engine/Content/EditorMaterials/Cross.uexp" 445
"../../../Engine/Content/EditorMaterials/Cross_Mat.uasset" 446
"../../../Engine/Content/EditorMaterials/Cross_Mat.uexp" 447
"../../../Engine/Content/EditorMaterials/Thumbnails/FloorPlaneMaterial.uasset" 448
"../../../Engine/Content/EditorMaterials/Thumbnails/FloorPlaneMaterial.uexp" 449
"../../../Engine/Content/EditorMaterials/MatineeGroups/MAT_Groups_Fade.uasset" 450
"../../../Engine/Content/EditorMaterials/MatineeGroups/MAT_Groups_Fade.uexp" 451
"../../../Engine/Content/EditorMaterials/MatineeGroups/MAT_Groups_Anim.uasset" 452
"../../../Engine/Content/EditorMaterials/MatineeGroups/MAT_Groups_Anim.uexp" 453
"../../../Engine/Content/EditorMaterials/MatineeGroups/MAT_Groups_Float.uasset" 454
"../../../Engine/Content/EditorMaterials/MatineeGroups/MAT_Groups_Float.uexp" 455
"../../../Engine/Content/EditorMaterials/MatineeGroups/MAT_Groups_Move.uasset" 456
"../../../Engine/Content/EditorMaterials/MatineeGroups/MAT_Groups_Move.uexp" 457
"../../../Engine/Content/EditorMaterials/MatineeGroups/MAT_Groups_Sound.uasset" 458
"../../../Engine/Content/EditorMaterials/MatineeGroups/MAT_Groups_Sound.uexp" 459
"../../../Engine/Content/EditorMaterials/MatineeGroups/MAT_Groups_Slomo.uasset" 460
"../../../Engine/Content/EditorMaterials/MatineeGroups/MAT_Groups_Slomo.uexp" 461
"../../../Engine/Content/EditorMaterials/MatineeGroups/MAT_Groups_AudioMaster.uasset" 462
"../../../Engine/Content/EditorMaterials/MatineeGroups/MAT_Groups_AudioMaster.uexp" 463
"../../../Engine/Content/EditorMaterials/MatineeGroups/MAT_ColorTrack.uasset" 464
"../../../Engine/Content/EditorMaterials/MatineeGroups/MAT_ColorTrack.uexp" 465
"../../../Engine/Content/EditorMaterials/MatineeGroups/MAT_Groups_Director.uasset" 466
"../../../Engine/Content/EditorMaterials/MatineeGroups/MAT_Groups_Director.uexp" 467
"../../../Engine/Content/EditorMaterials/MatineeGroups/MAT_Groups_Event.uasset" 468
"../../../Engine/Content/EditorMaterials/MatineeGroups/MAT_Groups_Event.uexp" 469
"../../../Engine/Content/EditorMaterials/MatineeGroups/MAT_Groups_Vector.uasset" 470
"../../../Engine/Content/EditorMaterials/MatineeGroups/MAT_Groups_Vector.uexp" 471
"../../../Engine/Content/EditorMaterials/ParticleSystems/PSysThumbnail_OOD.uasset" 472
"../../../Engine/Content/EditorMaterials/ParticleSystems/PSysThumbnail_OOD.uexp" 473
"../../../Engine/Content/EditorMaterials/ParticleSystems/PSysThumbnail_OOD.ubulk" 474
"../../../Engine/Content/EditorMaterials/ParticleSystems/PSysThumbnail_NoImage.uasset" 475
"../../../Engine/Content/EditorMaterials/ParticleSystems/PSysThumbnail_NoImage.uexp" 476
"../../../Engine/Content/EditorMaterials/ParticleSystems/PSysThumbnail_NoImage.ubulk" 477
"../../../Engine/Content/ArtTools/RenderToTexture/Meshes/S_1_Unit_Plane.uasset" 478
"../../../Engine/Content/ArtTools/RenderToTexture/Meshes/S_1_Unit_Plane.uexp" 479
"../../../Engine/Content/ArtTools/RenderToTexture/Enums/RenderToTexture_Flipbook_Enum.uasset" 480
"../../../Engine/Content/ArtTools/RenderToTexture/Enums/RenderToTexture_Flipbook_Enum.uexp" 481
"../../../Engine/Content/ArtTools/RenderToTexture/Enums/RenderToTexture_Imposter_Enum.uasset" 482
"../../../Engine/Content/ArtTools/RenderToTexture/Enums/RenderToTexture_Imposter_Enum.uexp" 483
"../../../Engine/Content/ArtTools/RenderToTexture/Enums/RenderToTexture_Enum.uasset" 484
"../../../Engine/Content/ArtTools/RenderToTexture/Enums/RenderToTexture_Enum.uexp" 485
"../../../Engine/Content/ArtTools/RenderToTexture/Enums/EFloatTypes.uasset" 486
"../../../Engine/Content/ArtTools/RenderToTexture/Enums/EFloatTypes.uexp" 487
"../../../Engine/Content/ArtTools/RenderToTexture/Enums/EIntTypes.uasset" 488
"../../../Engine/Content/ArtTools/RenderToTexture/Enums/EIntTypes.uexp" 489
"../../../Engine/Content/ArtTools/RenderToTexture/Macros/RenderToTextureMacros.uasset" 490
"../../../Engine/Content/ArtTools/RenderToTexture/Macros/RenderToTextureMacros.uexp" 491
"../../../Engine/Content/ArtTools/RenderToTexture/Macros/RenderToTextureFunctionLibrary.uasset" 492
"../../../Engine/Content/ArtTools/RenderToTexture/Macros/RenderToTextureFunctionLibrary.uexp" 493
"../../../Engine/Content/EngineResources/StreamingPauseIcon.uasset" 494
"../../../Engine/Content/EngineResources/StreamingPauseIcon.uexp" 495
"../../../Engine/Content/EngineResources/M_StreamingPause.uasset" 496
"../../../Engine/Content/EngineResources/M_StreamingPause.uexp" 497
"../../../Engine/Content/EngineResources/Black.uasset" 498
"../../../Engine/Content/EngineResources/Black.uexp" 499
"../../../Engine/Content/EngineResources/DefaultTexture.uasset" 500
"../../../Engine/Content/EngineResources/DefaultTexture.uexp" 501
"../../../Engine/Content/EngineResources/DefaultTexture.ubulk" 502
"../../../Engine/Content/EngineResources/DefaultTextureCube.uasset" 503
"../../../Engine/Content/EngineResources/DefaultTextureCube.uexp" 504
"../../../Engine/Content/EngineResources/GradientTexture0.uasset" 505
"../../../Engine/Content/EngineResources/GradientTexture0.uexp" 506
"../../../Engine/Content/EngineResources/DefaultVolumeTexture2D.uasset" 507
"../../../Engine/Content/EngineResources/DefaultVolumeTexture2D.uexp" 508
"../../../Engine/Content/EngineResources/DefaultVolumeTexture.uasset" 509
"../../../Engine/Content/EngineResources/DefaultVolumeTexture.uexp" 510
"../../../Engine/Content/BasicShapes/Plane.uasset" 511
"../../../Engine/Content/BasicShapes/Plane.uexp" 512
"../../../Engine/Content/BasicShapes/Sphere.uasset" 513
"../../../Engine/Content/BasicShapes/Sphere.uexp" 514
"../../../Engine/Content/BasicShapes/Cube.uasset" 515
"../../../Engine/Content/BasicShapes/Cube.uexp" 516
"../../../Engine/Content/BasicShapes/Cone.uasset" 517
"../../../Engine/Content/BasicShapes/Cone.uexp" 518
"../../../Engine/Content/EditorResources/S_LevelSequence.uasset" 519
"../../../Engine/Content/EditorResources/S_LevelSequence.uexp" 520
"../../../Engine/Content/EditorResources/S_LevelSequence.ubulk" 521
"../../../Engine/Content/EditorResources/S_VectorFieldVol.uasset" 522
"../../../Engine/Content/EditorResources/S_VectorFieldVol.uexp" 523
"../../../Engine/Content/EditorResources/S_VectorFieldVol.ubulk" 524
"../../../Engine/Content/EditorResources/S_Solver.uasset" 525
"../../../Engine/Content/EditorResources/S_Solver.uexp" 526
"../../../Engine/Content/EditorResources/S_Solver.ubulk" 527
"../../../Engine/Content/EditorResources/SceneManager.uasset" 528
"../../../Engine/Content/EditorResources/SceneManager.uexp" 529
"../../../Engine/Content/EditorResources/SceneManager.ubulk" 530
"../../../Engine/Content/EditorResources/Bad.uasset" 531
"../../../Engine/Content/EditorResources/Bad.uexp" 532
"../../../Engine/Content/EditorResources/Bad.ubulk" 533
"../../../Engine/Content/EditorResources/S_Thruster.uasset" 534
"../../../Engine/Content/EditorResources/S_Thruster.uexp" 535
"../../../Engine/Content/EditorResources/S_Thruster.ubulk" 536
"../../../Engine/Content/EditorResources/S_PortalActorIcon2.uasset" 537
"../../../Engine/Content/EditorResources/S_PortalActorIcon2.uexp" 538
"../../../Engine/Content/EditorResources/S_PortalActorIcon2.ubulk" 539
"../../../Engine/Content/EditorResources/S_ReflActorIcon.uasset" 540
"../../../Engine/Content/EditorResources/S_ReflActorIcon.uexp" 541
"../../../Engine/Content/EditorResources/S_ReflActorIcon.ubulk" 542
"../../../Engine/Content/EditorResources/S_VolumetricCloud.uasset" 543
"../../../Engine/Content/EditorResources/S_VolumetricCloud.uexp" 544
"../../../Engine/Content/EditorResources/S_VolumetricCloud.ubulk" 545
"../../../Engine/Content/EditorResources/SmallFont.uasset" 546
"../../../Engine/Content/EditorResources/SmallFont.uexp" 547
"../../../Engine/Content/EditorResources/S_Terrain.uasset" 548
"../../../Engine/Content/EditorResources/S_Terrain.uexp" 549
"../../../Engine/Content/EditorResources/S_Terrain.ubulk" 550
"../../../Engine/Content/EditorResources/BSPVertex.uasset" 551
"../../../Engine/Content/EditorResources/BSPVertex.uexp" 552
"../../../Engine/Content/EditorResources/S_KHinge.uasset" 553
"../../../Engine/Content/EditorResources/S_KHinge.uexp" 554
"../../../Engine/Content/EditorResources/S_KHinge.ubulk" 555
"../../../Engine/Content/EditorResources/S_Player.uasset" 556
"../../../Engine/Content/EditorResources/S_Player.uexp" 557
"../../../Engine/Content/EditorResources/S_Player.ubulk" 558
"../../../Engine/Content/EditorResources/S_WindDirectional.uasset" 559
"../../../Engine/Content/EditorResources/S_WindDirectional.uexp" 560
"../../../Engine/Content/EditorResources/S_WindDirectional.ubulk" 561
"../../../Engine/Content/EditorResources/S_KBSJoint.uasset" 562
"../../../Engine/Content/EditorResources/S_KBSJoint.uexp" 563
"../../../Engine/Content/EditorResources/S_KBSJoint.ubulk" 564
"../../../Engine/Content/EditorResources/S_NavP.uasset" 565
"../../../Engine/Content/EditorResources/S_NavP.uexp" 566
"../../../Engine/Content/EditorResources/S_NavP.ubulk" 567
"../../../Engine/Content/EditorResources/S_RadForce.uasset" 568
"../../../Engine/Content/EditorResources/S_RadForce.uexp" 569
"../../../Engine/Content/EditorResources/S_RadForce.ubulk" 570
"../../../Engine/Content/EditorResources/MatInstActSprite.uasset" 571
"../../../Engine/Content/EditorResources/MatInstActSprite.uexp" 572
"../../../Engine/Content/EditorResources/MatInstActSprite.ubulk" 573
"../../../Engine/Content/EditorResources/S_DecalActorIcon.uasset" 574
"../../../Engine/Content/EditorResources/S_DecalActorIcon.uexp" 575
"../../../Engine/Content/EditorResources/S_DecalActorIcon.ubulk" 576
"../../../Engine/Content/EditorResources/S_KPrismatic.uasset" 577
"../../../Engine/Content/EditorResources/S_KPrismatic.uexp" 578
"../../../Engine/Content/EditorResources/S_KPrismatic.ubulk" 579
"../../../Engine/Content/EditorResources/S_TextRenderActorIcon.uasset" 580
"../../../Engine/Content/EditorResources/S_TextRenderActorIcon.uexp" 581
"../../../Engine/Content/EditorResources/S_TextRenderActorIcon.ubulk" 582
"../../../Engine/Content/EditorResources/S_Note.uasset" 583
"../../../Engine/Content/EditorResources/S_Note.uexp" 584
"../../../Engine/Content/EditorResources/S_Note.ubulk" 585
"../../../Engine/Content/EditorResources/S_FTest.uasset" 586
"../../../Engine/Content/EditorResources/S_FTest.uexp" 587
"../../../Engine/Content/EditorResources/EmptyActor.uasset" 588
"../../../Engine/Content/EditorResources/EmptyActor.uexp" 589
"../../../Engine/Content/EditorResources/S_ExpoHeightFog.uasset" 590
"../../../Engine/Content/EditorResources/S_ExpoHeightFog.uexp" 591
"../../../Engine/Content/EditorResources/S_ExpoHeightFog.ubulk" 592
"../../../Engine/Content/EditorResources/S_CameraShakeSource.uasset" 593
"../../../Engine/Content/EditorResources/S_CameraShakeSource.uexp" 594
"../../../Engine/Content/EditorResources/S_Trigger.uasset" 595
"../../../Engine/Content/EditorResources/S_Trigger.uexp" 596
"../../../Engine/Content/EditorResources/S_Trigger.ubulk" 597
"../../../Engine/Content/EditorResources/S_Emitter.uasset" 598
"../../../Engine/Content/EditorResources/S_Emitter.uexp" 599
"../../../Engine/Content/EditorResources/S_Emitter.ubulk" 600
"../../../Engine/Content/EditorResources/S_Actor.uasset" 601
"../../../Engine/Content/EditorResources/S_Actor.uexp" 602
"../../../Engine/Content/EditorResources/S_Actor.ubulk" 603
"../../../Engine/Content/EditorResources/S_SkyAtmosphere.uasset" 604
"../../../Engine/Content/EditorResources/S_SkyAtmosphere.uexp" 605
"../../../Engine/Content/EditorResources/S_SkyAtmosphere.ubulk" 606
"../../../Engine/Content/EditorResources/LightIcons/S_LightPoint.uasset" 607
"../../../Engine/Content/EditorResources/LightIcons/S_LightPoint.uexp" 608
"../../../Engine/Content/EditorResources/LightIcons/S_LightSpot.uasset" 609
"../../../Engine/Content/EditorResources/LightIcons/S_LightSpot.uexp" 610
"../../../Engine/Content/EditorResources/LightIcons/S_LightSpotMove.uasset" 611
"../../../Engine/Content/EditorResources/LightIcons/S_LightSpotMove.uexp" 612
"../../../Engine/Content/EditorResources/LightIcons/S_LightPointMove.uasset" 613
"../../../Engine/Content/EditorResources/LightIcons/S_LightPointMove.uexp" 614
"../../../Engine/Content/EditorResources/LightIcons/S_LightDirectional.uasset" 615
"../../../Engine/Content/EditorResources/LightIcons/S_LightDirectional.uexp" 616
"../../../Engine/Content/EditorResources/LightIcons/S_LightError.uasset" 617
"../../../Engine/Content/EditorResources/LightIcons/S_LightError.uexp" 618
"../../../Engine/Content/EditorResources/LightIcons/SkyLight.uasset" 619
"../../../Engine/Content/EditorResources/LightIcons/SkyLight.uexp" 620
"../../../Engine/Content/EditorResources/LightIcons/S_LightDirectionalMove.uasset" 621
"../../../Engine/Content/EditorResources/LightIcons/S_LightDirectionalMove.uexp" 622
"../../../Engine/Content/EditorResources/AI/S_NavLink.uasset" 623
"../../../Engine/Content/EditorResources/AI/S_NavLink.uexp" 624
"../../../Engine/Content/EditorResources/SequenceRecorder/Countdown.uasset" 625
"../../../Engine/Content/EditorResources/SequenceRecorder/Countdown.uexp" 626
"../../../Engine/Content/EditorResources/SequenceRecorder/RecordingIndicator.uasset" 627
"../../../Engine/Content/EditorResources/SequenceRecorder/RecordingIndicator.uexp" 628
"../../../Engine/Content/EditorResources/Spline/T_Loft_Spline.uasset" 629
"../../../Engine/Content/EditorResources/Spline/T_Loft_Spline.uexp" 630
"../../../Engine/Content/EngineDebugMaterials/VertexColorViewMode_AlphaAsColor.uasset" 631
"../../../Engine/Content/EngineDebugMaterials/VertexColorViewMode_AlphaAsColor.uexp" 632
"../../../Engine/Content/EngineDebugMaterials/ClothMaterial.uasset" 633
"../../../Engine/Content/EngineDebugMaterials/ClothMaterial.uexp" 634
"../../../Engine/Content/EngineDebugMaterials/LevelColorationLitMaterial.uasset" 635
"../../../Engine/Content/EngineDebugMaterials/LevelColorationLitMaterial.uexp" 636
"../../../Engine/Content/EngineDebugMaterials/ClothMaterial_WF.uasset" 637
"../../../Engine/Content/EngineDebugMaterials/ClothMaterial_WF.uexp" 638
"../../../Engine/Content/EngineDebugMaterials/PhysicalMaterialMaskMaterial.uasset" 639
"../../../Engine/Content/EngineDebugMaterials/PhysicalMaterialMaskMaterial.uexp" 640
"../../../Engine/Content/EngineDebugMaterials/DebugMeshMaterial.uasset" 641
"../../../Engine/Content/EngineDebugMaterials/DebugMeshMaterial.uexp" 642
"../../../Engine/Content/EngineDebugMaterials/VertexColorViewMode_RedOnly.uasset" 643
"../../../Engine/Content/EngineDebugMaterials/VertexColorViewMode_RedOnly.uexp" 644
"../../../Engine/Content/EngineDebugMaterials/ShadedLevelColorationUnlitMateri.uasset" 645
"../../../Engine/Content/EngineDebugMaterials/ShadedLevelColorationUnlitMateri.uexp" 646
"../../../Engine/Content/EngineDebugMaterials/VertexColorViewMode_BlueOnly.uasset" 647
"../../../Engine/Content/EngineDebugMaterials/VertexColorViewMode_BlueOnly.uexp" 648
"../../../Engine/Content/EngineDebugMaterials/LevelColorationUnlitMaterial.uasset" 649
"../../../Engine/Content/EngineDebugMaterials/LevelColorationUnlitMaterial.uexp" 650
"../../../Engine/Content/EngineDebugMaterials/WireframeMaterial.uasset" 651
"../../../Engine/Content/EngineDebugMaterials/WireframeMaterial.uexp" 652
"../../../Engine/Content/EngineDebugMaterials/M_SimpleUnlitTranslucent.uasset" 653
"../../../Engine/Content/EngineDebugMaterials/M_SimpleUnlitTranslucent.uexp" 654
"../../../Engine/Content/EngineDebugMaterials/VertexColorMaterial.uasset" 655
"../../../Engine/Content/EngineDebugMaterials/VertexColorMaterial.uexp" 656
"../../../Engine/Content/EngineDebugMaterials/VertexColorViewMode_ColorOnly.uasset" 657
"../../../Engine/Content/EngineDebugMaterials/VertexColorViewMode_ColorOnly.uexp" 658
"../../../Engine/Content/EngineDebugMaterials/HeatmapGradient.uasset" 659
"../../../Engine/Content/EngineDebugMaterials/HeatmapGradient.uexp" 660
"../../../Engine/Content/EngineDebugMaterials/HeatmapGradient.ubulk" 661
"../../../Engine/Content/EngineDebugMaterials/BoneWeightMaterial.uasset" 662
"../../../Engine/Content/EngineDebugMaterials/BoneWeightMaterial.uexp" 663
"../../../Engine/Content/Functions/Engine_MaterialFunctions02/Utility/CameraDirectionVector.uasset" 664
"../../../Engine/Content/Functions/Engine_MaterialFunctions02/Utility/CameraDirectionVector.uexp" 665
"../../../Engine/Content/EngineDebugMaterials/VolumeToRender.uasset" 666
"../../../Engine/Content/EngineDebugMaterials/VolumeToRender.uexp" 667
"../../../Engine/Content/EngineDebugMaterials/M_VolumeRenderSphereTracePP.uasset" 668
"../../../Engine/Content/EngineDebugMaterials/M_VolumeRenderSphereTracePP.uexp" 669
"../../../Engine/Content/EngineDebugMaterials/GeomMaterial.uasset" 670
"../../../Engine/Content/EngineDebugMaterials/GeomMaterial.uexp" 671
"../../../Engine/Content/EngineDebugMaterials/DebugEditorMaterial.uasset" 672
"../../../Engine/Content/EngineDebugMaterials/DebugEditorMaterial.uexp" 673
"../../../Engine/Content/EngineMaterials/DefaultWhiteGrid.uasset" 674
"../../../Engine/Content/EngineMaterials/DefaultWhiteGrid.uexp" 675
"../../../Engine/Content/EngineMaterials/DefaultWhiteGrid.ubulk" 676
"../../../Engine/Content/EngineDebugMaterials/MAT_LevelColorationLitLightmapUV.uasset" 677
"../../../Engine/Content/EngineDebugMaterials/MAT_LevelColorationLitLightmapUV.uexp" 678
"../../../Engine/Content/EngineDebugMaterials/VertexColorViewMode_GreenOnly.uasset" 679
"../../../Engine/Content/EngineDebugMaterials/VertexColorViewMode_GreenOnly.uexp" 680
"../../../Engine/Content/EngineDebugMaterials/ShadedLevelColorationLitMaterial.uasset" 681
"../../../Engine/Content/EngineDebugMaterials/ShadedLevelColorationLitMaterial.uexp" 682
"../../../Engine/Content/EngineFonts/Faces/RobotoBoldItalic.uasset" 683
"../../../Engine/Content/EngineFonts/Faces/RobotoBoldItalic.uexp" 684
"../../../Engine/Content/EngineFonts/Faces/RobotoBoldItalic.ufont" 685
"../../../Engine/Content/EngineFonts/Faces/RobotoBold.uasset" 686
"../../../Engine/Content/EngineFonts/Faces/RobotoBold.uexp" 687
"../../../Engine/Content/EngineFonts/Faces/RobotoBold.ufont" 688
"../../../Engine/Content/EngineFonts/Faces/DroidSansFallback.uasset" 689
"../../../Engine/Content/EngineFonts/Faces/DroidSansFallback.uexp" 690
"../../../Engine/Content/EngineFonts/Faces/DroidSansFallback.ufont" 691
"../../../Engine/Content/EngineFonts/Faces/RobotoRegular.uasset" 692
"../../../Engine/Content/EngineFonts/Faces/RobotoRegular.uexp" 693
"../../../Engine/Content/EngineFonts/Faces/RobotoRegular.ufont" 694
"../../../Engine/Content/EngineFonts/Faces/RobotoLight.uasset" 695
"../../../Engine/Content/EngineFonts/Faces/RobotoLight.uexp" 696
"../../../Engine/Content/EngineFonts/Faces/RobotoLight.ufont" 697
"../../../Engine/Content/EngineFonts/Faces/RobotoItalic.uasset" 698
"../../../Engine/Content/EngineFonts/Faces/RobotoItalic.uexp" 699
"../../../Engine/Content/EngineFonts/Faces/RobotoItalic.ufont" 700
"../../../Engine/Content/EngineFonts/Roboto.uasset" 701
"../../../Engine/Content/EngineFonts/Roboto.uexp" 702
"../../../Engine/Content/EngineFonts/Faces/RobotoTiny.uasset" 703
"../../../Engine/Content/EngineFonts/Faces/RobotoTiny.uexp" 704
"../../../Engine/Content/EngineFonts/Faces/RobotoTiny.ufont" 705
"../../../Engine/Content/EngineFonts/RobotoTiny.uasset" 706
"../../../Engine/Content/EngineFonts/RobotoTiny.uexp" 707
"../../../Engine/Content/EngineFonts/SmallFont.uasset" 708
"../../../Engine/Content/EngineFonts/SmallFont.uexp" 709
"../../../Engine/Content/EngineFonts/TinyFont.uasset" 710
"../../../Engine/Content/EngineFonts/TinyFont.uexp" 711
"../../../Engine/Content/EngineSounds/Master.uasset" 712
"../../../Engine/Content/EngineSounds/Master.uexp" 713
"../../../Engine/Content/VREditor/TransformGizmo/Xray.uasset" 714
"../../../Engine/Content/VREditor/TransformGizmo/Xray.uexp" 715
"../../../Engine/Content/VREditor/TransformGizmo/Main.uasset" 716
"../../../Engine/Content/VREditor/TransformGizmo/Main.uexp" 717
"../../../Engine/Content/VREditor/TransformGizmo/SM_Sequencer_Node.uasset" 718
"../../../Engine/Content/VREditor/TransformGizmo/SM_Sequencer_Node.uexp" 719
"../../../Engine/Content/VREditor/TransformGizmo/TranslucentTransformGizmoMaterial.uasset" 720
"../../../Engine/Content/VREditor/TransformGizmo/TranslucentTransformGizmoMaterial.uexp" 721
"../../../Engine/Content/VREditor/LaserPointer/VR_LaserPower_01.uasset" 722
"../../../Engine/Content/VREditor/LaserPointer/VR_LaserPower_01.uexp" 723
"../../../Engine/Content/VREditor/LaserPointer/VR_LaserPower_01.ubulk" 724
"../../../Engine/Content/VREditor/TransformGizmo/TransformGizmoMaterial.uasset" 725
"../../../Engine/Content/VREditor/TransformGizmo/TransformGizmoMaterial.uexp" 726
"../../../Engine/Content/VREditor/TransformGizmo/PlaneTranslationHandle.uasset" 727
"../../../Engine/Content/VREditor/TransformGizmo/PlaneTranslationHandle.uexp" 728
"../../../Engine/Content/VREditor/TransformGizmo/BoundingBoxCorner.uasset" 729
"../../../Engine/Content/VREditor/TransformGizmo/BoundingBoxCorner.uexp" 730
"../../../Engine/Content/VREditor/TransformGizmo/BoundingBoxEdge.uasset" 731
"../../../Engine/Content/VREditor/TransformGizmo/BoundingBoxEdge.uexp" 732
"../../../Engine/Content/VREditor/TransformGizmo/SM_Sequencer_Key.uasset" 733
"../../../Engine/Content/VREditor/TransformGizmo/SM_Sequencer_Key.uexp" 734
"../../../Engine/Content/Tutorial/ContentIntroCurve.uasset" 735
"../../../Engine/Content/Tutorial/ContentIntroCurve.uexp" 736
"../../../Engine/Content/Tutorial/BlueprintTutorials/TutorialAssets/Blueprint_64x.uasset" 737
"../../../Engine/Content/Tutorial/BlueprintTutorials/TutorialAssets/Blueprint_64x.uexp" 738
"../../../Engine/Content/Tutorial/Landscape/TutorialAssets/Landscape.uasset" 739
"../../../Engine/Content/Tutorial/Landscape/TutorialAssets/Landscape.uexp" 740
"../../../Engine/Content/Tutorial/Basics/TutorialAssets/icon_tab_Levels_40x.uasset" 741
"../../../Engine/Content/Tutorial/Basics/TutorialAssets/icon_tab_Levels_40x.uexp" 742
"../../../Engine/Plugins/2D/Paper2D/Content/PlaceholderTextures/DummySpriteTexture.uasset" 743
"../../../Engine/Plugins/2D/Paper2D/Content/PlaceholderTextures/DummySpriteTexture.uexp" 744
"../../../Engine/Plugins/2D/Paper2D/Content/PlaceholderTextures/DummySpriteTexture.ubulk" 745
"../../../Engine/Plugins/2D/Paper2D/Content/DefaultSpriteMaterial.uasset" 746
"../../../Engine/Plugins/2D/Paper2D/Content/DefaultSpriteMaterial.uexp" 747
"../../../Engine/Plugins/2D/Paper2D/Content/OpaqueUnlitSpriteMaterial.uasset" 748
"../../../Engine/Plugins/2D/Paper2D/Content/OpaqueUnlitSpriteMaterial.uexp" 749
"../../../Engine/Plugins/2D/Paper2D/Content/DummySprite.uasset" 750
"../../../Engine/Plugins/2D/Paper2D/Content/DummySprite.uexp" 751
"../../../Engine/Plugins/2D/Paper2D/Content/DefaultPaperTerrainMaterial.uasset" 752
"../../../Engine/Plugins/2D/Paper2D/Content/DefaultPaperTerrainMaterial.uexp" 753
"../../../Engine/Plugins/2D/Paper2D/Content/MaskedUnlitSpriteMaterial.uasset" 754
"../../../Engine/Plugins/2D/Paper2D/Content/MaskedUnlitSpriteMaterial.uexp" 755
"../../../Engine/Content/Functions/Engine_MaterialFunctions02/ObjectLocalBounds.uasset" 756
"../../../Engine/Content/Functions/Engine_MaterialFunctions02/ObjectLocalBounds.uexp" 757
"../../../Engine/Content/Functions/Engine_MaterialFunctions02/SafeNormalize.uasset" 758
"../../../Engine/Content/Functions/Engine_MaterialFunctions02/SafeNormalize.uexp" 759
"../../../Engine/Content/Functions/Engine_MaterialFunctions02/WorldPositionOffset/ObjectScale.uasset" 760
"../../../Engine/Content/Functions/Engine_MaterialFunctions02/WorldPositionOffset/ObjectScale.uexp" 761
"../../../Engine/Content/Functions/Engine_MaterialFunctions02/UVs/BoundingBoxBased_0-1_UVW.uasset" 762
"../../../Engine/Content/Functions/Engine_MaterialFunctions02/UVs/BoundingBoxBased_0-1_UVW.uexp" 763
"../../../Engine/Plugins/Editor/SpeedTreeImporter/Content/SpeedTree9/game_wind_noise.uasset" 764
"../../../Engine/Plugins/Editor/SpeedTreeImporter/Content/SpeedTree9/game_wind_noise.uexp" 765
"../../../Engine/Plugins/Editor/SpeedTreeImporter/Content/SpeedTree9/game_wind_noise.ubulk" 766
"../../../Engine/Plugins/Editor/SpeedTreeImporter/Content/SpeedTree9/EmptyNormal.uasset" 767
"../../../Engine/Plugins/Editor/SpeedTreeImporter/Content/SpeedTree9/EmptyNormal.uexp" 768
"../../../Engine/Plugins/Editor/SpeedTreeImporter/Content/SpeedTree9/Empty.uasset" 769
"../../../Engine/Plugins/Editor/SpeedTreeImporter/Content/SpeedTree9/Empty.uexp" 770
"../../../Engine/Plugins/Editor/SpeedTreeImporter/Content/SpeedTree9/UnpackInteger3.uasset" 771
"../../../Engine/Plugins/Editor/SpeedTreeImporter/Content/SpeedTree9/UnpackInteger3.uexp" 772
"../../../Engine/Plugins/Editor/SpeedTreeImporter/Content/SpeedTree9/UnpackDirection.uasset" 773
"../../../Engine/Plugins/Editor/SpeedTreeImporter/Content/SpeedTree9/UnpackDirection.uexp" 774
"../../../Engine/Plugins/Editor/SpeedTreeImporter/Content/SpeedTree9/SpeedTreeWindMotion.uasset" 775
"../../../Engine/Plugins/Editor/SpeedTreeImporter/Content/SpeedTree9/SpeedTreeWindMotion.uexp" 776
"../../../Engine/Plugins/Editor/SpeedTreeImporter/Content/SpeedTree9/SpeedTreeBranchMotion.uasset" 777
"../../../Engine/Plugins/Editor/SpeedTreeImporter/Content/SpeedTree9/SpeedTreeBranchMotion.uexp" 778
"../../../Engine/Plugins/Editor/SpeedTreeImporter/Content/SpeedTree9/SpeedTreeWind.uasset" 779
"../../../Engine/Plugins/Editor/SpeedTreeImporter/Content/SpeedTree9/SpeedTreeWind.uexp" 780
"../../../Engine/Plugins/Editor/SpeedTreeImporter/Content/SpeedTree9/SpeedTreeCameraFacing.uasset" 781
"../../../Engine/Plugins/Editor/SpeedTreeImporter/Content/SpeedTree9/SpeedTreeCameraFacing.uexp" 782
"../../../Engine/Plugins/Editor/SpeedTreeImporter/Content/SpeedTree9/SpeedTreeMaster.uasset" 783
"../../../Engine/Plugins/Editor/SpeedTreeImporter/Content/SpeedTree9/SpeedTreeMaster.uexp" 784
"../../../Engine/Plugins/Editor/SpeedTreeImporter/Content/SpeedTree9/SpeedTreeBillboard.uasset" 785
"../../../Engine/Plugins/Editor/SpeedTreeImporter/Content/SpeedTree9/SpeedTreeBillboard.uexp" 786
"../../../Engine/Plugins/Editor/SpeedTreeImporter/Content/SpeedTree9/SpeedTreeBillboardMaster.uasset" 787
"../../../Engine/Plugins/Editor/SpeedTreeImporter/Content/SpeedTree9/SpeedTreeBillboardMaster.uexp" 788
"../../../Engine/Content/ArtTools/RenderToTexture/Materials/Debug/M_Emissive_Color.uasset" 789
"../../../Engine/Content/ArtTools/RenderToTexture/Materials/Debug/M_Emissive_Color.uexp" 790
"../../../Engine/Content/BasicShapes/Cylinder.uasset" 791
"../../../Engine/Content/BasicShapes/Cylinder.uexp" 792
"../../../Engine/Plugins/FX/Niagara/Content/Functions/PivotPainter/PivotPainter16bitTextureAlphaDataTypes.uasset" 793
"../../../Engine/Plugins/FX/Niagara/Content/Functions/PivotPainter/PivotPainter16bitTextureAlphaDataTypes.uexp" 794
"../../../Engine/Plugins/FX/Niagara/Content/Functions/PivotPainter/PivotPainter8BitTextureAlphaDataTypes.uasset" 795
"../../../Engine/Plugins/FX/Niagara/Content/Functions/PivotPainter/PivotPainter8BitTextureAlphaDataTypes.uexp" 796
"../../../Engine/Plugins/FX/Niagara/Content/Functions/PivotPainter/PivotPainterTextureRGBDataTypes.uasset" 797
"../../../Engine/Plugins/FX/Niagara/Content/Functions/PivotPainter/PivotPainterTextureRGBDataTypes.uexp" 798
"../../../Engine/Plugins/FX/Niagara/Content/Enums/ENiagara_CPUCollisionType.uasset" 799
"../../../Engine/Plugins/FX/Niagara/Content/Enums/ENiagara_CPUCollisionType.uexp" 800
"../../../Engine/Plugins/FX/Niagara/Content/Enums/ENiagara_DirectReadParticleIDSampling.uasset" 801
"../../../Engine/Plugins/FX/Niagara/Content/Enums/ENiagara_DirectReadParticleIDSampling.uexp" 802
"../../../Engine/Plugins/FX/Niagara/Content/Enums/ENiagaraRandomnessEvaluation.uasset" 803
"../../../Engine/Plugins/FX/Niagara/Content/Enums/ENiagaraRandomnessEvaluation.uexp" 804
"../../../Engine/Plugins/FX/Niagara/Content/Enums/ENiagaraInactiveMode.uasset" 805
"../../../Engine/Plugins/FX/Niagara/Content/Enums/ENiagaraInactiveMode.uexp" 806
"../../../Engine/Plugins/FX/Niagara/Content/Enums/ENiagaraSUbUVAnimationMode.uasset" 807
"../../../Engine/Plugins/FX/Niagara/Content/Enums/ENiagaraSUbUVAnimationMode.uexp" 808
"../../../Engine/Plugins/FX/Niagara/Content/Enums/ENiagaraBoneSocketSamplingMode.uasset" 809
"../../../Engine/Plugins/FX/Niagara/Content/Enums/ENiagaraBoneSocketSamplingMode.uexp" 810
"../../../Engine/Plugins/FX/Niagara/Content/Enums/ENiagara_EmitterStateOptions.uasset" 811
"../../../Engine/Plugins/FX/Niagara/Content/Enums/ENiagara_EmitterStateOptions.uexp" 812
"../../../Engine/Plugins/FX/Niagara/Content/Enums/ENiagara_TransformMode.uasset" 813
"../../../Engine/Plugins/FX/Niagara/Content/Enums/ENiagara_TransformMode.uexp" 814
"../../../Engine/Plugins/FX/Niagara/Content/Enums/ENiagaraGPUDepthResponseType.uasset" 815
"../../../Engine/Plugins/FX/Niagara/Content/Enums/ENiagaraGPUDepthResponseType.uexp" 816
"../../../Engine/Plugins/FX/Niagara/Content/Enums/ENiagaraSphereDistributionMode.uasset" 817
"../../../Engine/Plugins/FX/Niagara/Content/Enums/ENiagaraSphereDistributionMode.uexp" 818
"../../../Engine/Plugins/FX/Niagara/Content/Enums/ENiagaraNumericVariableTypes.uasset" 819
"../../../Engine/Plugins/FX/Niagara/Content/Enums/ENiagaraNumericVariableTypes.uexp" 820
"../../../Engine/Plugins/FX/Niagara/Content/Enums/ENiagaraTorusMode.uasset" 821
"../../../Engine/Plugins/FX/Niagara/Content/Enums/ENiagaraTorusMode.uexp" 822
"../../../Engine/Plugins/FX/Niagara/Content/Enums/ENiagara_FadeOperationType.uasset" 823
"../../../Engine/Plugins/FX/Niagara/Content/Enums/ENiagara_FadeOperationType.uexp" 824
"../../../Engine/Plugins/FX/Niagara/Content/Enums/ENiagara_CameraMeshOrientation.uasset" 825
"../../../Engine/Plugins/FX/Niagara/Content/Enums/ENiagara_CameraMeshOrientation.uexp" 826
"../../../Engine/Plugins/FX/Niagara/Content/Enums/ENiagaraSimulationTarget.uasset" 827
"../../../Engine/Plugins/FX/Niagara/Content/Enums/ENiagaraSimulationTarget.uexp" 828
"../../../Engine/Plugins/FX/Niagara/Content/Enums/ENiagara_SpawnBurstMode.uasset" 829
"../../../Engine/Plugins/FX/Niagara/Content/Enums/ENiagara_SpawnBurstMode.uexp" 830
"../../../Engine/Plugins/FX/Niagara/Content/Enums/ENiagaraCurlNoiseQuality.uasset" 831
"../../../Engine/Plugins/FX/Niagara/Content/Enums/ENiagaraCurlNoiseQuality.uexp" 832
"../../../Engine/Plugins/FX/Niagara/Content/Enums/ENiagara_PositionInitializationMode.uasset" 833
"../../../Engine/Plugins/FX/Niagara/Content/Enums/ENiagara_PositionInitializationMode.uexp" 834
"../../../Engine/Plugins/FX/Niagara/Content/Enums/ENiagaraGridPlacementType.uasset" 835
"../../../Engine/Plugins/FX/Niagara/Content/Enums/ENiagaraGridPlacementType.uexp" 836
"../../../Engine/Plugins/FX/Niagara/Content/Enums/ENiagaraRestitutionMergeType.uasset" 837
"../../../Engine/Plugins/FX/Niagara/Content/Enums/ENiagaraRestitutionMergeType.uexp" 838
"../../../Engine/Plugins/FX/Niagara/Content/Enums/ENiagaraVector4_Channels.uasset" 839
"../../../Engine/Plugins/FX/Niagara/Content/Enums/ENiagaraVector4_Channels.uexp" 840
"../../../Engine/Plugins/FX/Niagara/Content/Enums/ENiagara_SubUVLookupMode.uasset" 841
"../../../Engine/Plugins/FX/Niagara/Content/Enums/ENiagara_SubUVLookupMode.uexp" 842
"../../../Engine/Plugins/FX/Niagara/Content/Enums/ENiagara_Float4Channel.uasset" 843
"../../../Engine/Plugins/FX/Niagara/Content/Enums/ENiagara_Float4Channel.uexp" 844
"../../../Engine/Plugins/FX/Niagara/Content/Enums/ENiagaraEmitterScalabilityMode_Limited.uasset" 845
"../../../Engine/Plugins/FX/Niagara/Content/Enums/ENiagaraEmitterScalabilityMode_Limited.uexp" 846
"../../../Engine/Plugins/FX/Niagara/Content/Enums/ENiagaraCollisionRadiusOptions.uasset" 847
"../../../Engine/Plugins/FX/Niagara/Content/Enums/ENiagaraCollisionRadiusOptions.uexp" 848
"../../../Engine/Plugins/FX/Niagara/Content/Enums/ENiagaraRegionCoordinateSpace.uasset" 849
"../../../Engine/Plugins/FX/Niagara/Content/Enums/ENiagaraRegionCoordinateSpace.uexp" 850
"../../../Engine/Plugins/FX/Niagara/Content/Enums/ENiagaraVertexSamplingMode.uasset" 851
"../../../Engine/Plugins/FX/Niagara/Content/Enums/ENiagaraVertexSamplingMode.uexp" 852
"../../../Engine/Plugins/FX/Niagara/Content/Enums/ENiagara_AudioParamType.uasset" 853
"../../../Engine/Plugins/FX/Niagara/Content/Enums/ENiagara_AudioParamType.uexp" 854
"../../../Engine/Plugins/FX/Niagara/Content/Enums/ENiagaraEmitterLifeCycleMode.uasset" 855
"../../../Engine/Plugins/FX/Niagara/Content/Enums/ENiagaraEmitterLifeCycleMode.uexp" 856
"../../../Engine/Plugins/FX/Niagara/Content/Enums/ENiagara_EmitterLocSamplingMode.uasset" 857
"../../../Engine/Plugins/FX/Niagara/Content/Enums/ENiagara_EmitterLocSamplingMode.uexp" 858
"../../../Engine/Plugins/FX/Niagara/Content/Enums/Niagara_Units.uasset" 859
"../../../Engine/Plugins/FX/Niagara/Content/Enums/Niagara_Units.uexp" 860
"../../../Engine/Plugins/FX/Niagara/Content/Enums/ENiagara_LifetimeMode.uasset" 861
"../../../Engine/Plugins/FX/Niagara/Content/Enums/ENiagara_LifetimeMode.uexp" 862
"../../../Engine/Plugins/FX/Niagara/Content/Enums/ENiagara_WrapClamp.uasset" 863
"../../../Engine/Plugins/FX/Niagara/Content/Enums/ENiagara_WrapClamp.uexp" 864
"../../../Engine/Plugins/FX/Niagara/Content/Enums/ENiagaraCalculateRadiusOptions.uasset" 865
"../../../Engine/Plugins/FX/Niagara/Content/Enums/ENiagaraCalculateRadiusOptions.uexp" 866
"../../../Engine/Plugins/FX/Niagara/Content/Enums/ENiagaraBoneSamplingMode.uasset" 867
"../../../Engine/Plugins/FX/Niagara/Content/Enums/ENiagaraBoneSamplingMode.uexp" 868
"../../../Engine/Plugins/FX/Niagara/Content/Enums/ENiagaraCoordinateSpace.uasset" 869
"../../../Engine/Plugins/FX/Niagara/Content/Enums/ENiagaraCoordinateSpace.uexp" 870
"../../../Engine/Plugins/FX/Niagara/Content/Enums/ENiagara_MassInitializationMode.uasset" 871
"../../../Engine/Plugins/FX/Niagara/Content/Enums/ENiagara_MassInitializationMode.uexp" 872
"../../../Engine/Plugins/FX/Niagara/Content/Enums/ENiagaraMeshTransforms.uasset" 873
"../../../Engine/Plugins/FX/Niagara/Content/Enums/ENiagaraMeshTransforms.uexp" 874
"../../../Engine/Plugins/FX/Niagara/Content/Enums/ENiagara_Waveforms.uasset" 875
"../../../Engine/Plugins/FX/Niagara/Content/Enums/ENiagara_Waveforms.uexp" 876
"../../../Engine/Plugins/FX/Niagara/Content/Enums/ENiagaraBooleanLogicOps_v2.uasset" 877
"../../../Engine/Plugins/FX/Niagara/Content/Enums/ENiagaraBooleanLogicOps_v2.uexp" 878
"../../../Engine/Plugins/FX/Niagara/Content/Enums/ENiagaraOrientationAxis.uasset" 879
"../../../Engine/Plugins/FX/Niagara/Content/Enums/ENiagaraOrientationAxis.uexp" 880
"../../../Engine/Plugins/FX/Niagara/Content/Enums/ENiagara_InfiniteLoopDuration.uasset" 881
"../../../Engine/Plugins/FX/Niagara/Content/Enums/ENiagara_InfiniteLoopDuration.uexp" 882
"../../../Engine/Plugins/FX/Niagara/Content/Enums/ENiagaraVector2_Channels.uasset" 883
"../../../Engine/Plugins/FX/Niagara/Content/Enums/ENiagaraVector2_Channels.uexp" 884
"../../../Engine/Plugins/FX/Niagara/Content/Enums/ENiagaraMeshSamplingMode.uasset" 885
"../../../Engine/Plugins/FX/Niagara/Content/Enums/ENiagaraMeshSamplingMode.uexp" 886
"../../../Engine/Plugins/FX/Niagara/Content/Enums/ENiagaraMinOrMax.uasset" 887
"../../../Engine/Plugins/FX/Niagara/Content/Enums/ENiagaraMinOrMax.uexp" 888
"../../../Engine/Plugins/FX/Niagara/Content/Enums/ENiagaraMassCalculationForRendererTypes.uasset" 889
"../../../Engine/Plugins/FX/Niagara/Content/Enums/ENiagaraMassCalculationForRendererTypes.uexp" 890
"../../../Engine/Plugins/FX/Niagara/Content/Enums/ENiagaraKillVolumeOptions.uasset" 891
"../../../Engine/Plugins/FX/Niagara/Content/Enums/ENiagaraKillVolumeOptions.uexp" 892
"../../../Engine/Plugins/FX/Niagara/Content/Enums/ENiagaraVector3_Channels.uasset" 893
"../../../Engine/Plugins/FX/Niagara/Content/Enums/ENiagaraVector3_Channels.uexp" 894
"../../../Engine/Plugins/FX/Niagara/Content/Enums/ENiagaraArraySamplingMode.uasset" 895
"../../../Engine/Plugins/FX/Niagara/Content/Enums/ENiagaraArraySamplingMode.uexp" 896
"../../../Engine/Plugins/FX/Niagara/Content/Enums/ENiagaraSkelMeshTransforms.uasset" 897
"../../../Engine/Plugins/FX/Niagara/Content/Enums/ENiagaraSkelMeshTransforms.uexp" 898
"../../../Engine/Plugins/FX/Niagara/Content/Enums/ENiagaraBooleanLogicOps.uasset" 899
"../../../Engine/Plugins/FX/Niagara/Content/Enums/ENiagaraBooleanLogicOps.uexp" 900
"../../../Engine/Plugins/FX/Niagara/Content/Enums/ENiagara_RotationDefinitionApproach.uasset" 901
"../../../Engine/Plugins/FX/Niagara/Content/Enums/ENiagara_RotationDefinitionApproach.uexp" 902
"../../../Engine/Plugins/FX/Niagara/Content/Enums/ENiagaraRegionTransformOrder.uasset" 903
"../../../Engine/Plugins/FX/Niagara/Content/Enums/ENiagaraRegionTransformOrder.uexp" 904
"../../../Engine/Plugins/FX/Niagara/Content/Enums/ENiagara_TransformBaseOptions.uasset" 905
"../../../Engine/Plugins/FX/Niagara/Content/Enums/ENiagara_TransformBaseOptions.uexp" 906
"../../../Engine/Plugins/FX/Niagara/Content/Enums/ENiagara_ColorInitializationMode.uasset" 907
"../../../Engine/Plugins/FX/Niagara/Content/Enums/ENiagara_ColorInitializationMode.uexp" 908
"../../../Engine/Plugins/FX/Niagara/Content/Enums/ENiagaraChannelCorrelation.uasset" 909
"../../../Engine/Plugins/FX/Niagara/Content/Enums/ENiagaraChannelCorrelation.uexp" 910
"../../../Engine/Plugins/FX/Niagara/Content/Enums/ENiagaraLinearColor_Channels.uasset" 911
"../../../Engine/Plugins/FX/Niagara/Content/Enums/ENiagaraLinearColor_Channels.uexp" 912
"../../../Engine/Plugins/FX/Niagara/Content/Enums/ENiagaraTriangleSamplingMode.uasset" 913
"../../../Engine/Plugins/FX/Niagara/Content/Enums/ENiagaraTriangleSamplingMode.uexp" 914
"../../../Engine/Plugins/FX/Niagara/Content/Enums/ENiagara_IDAttributes.uasset" 915
"../../../Engine/Plugins/FX/Niagara/Content/Enums/ENiagara_IDAttributes.uexp" 916
"../../../Engine/Plugins/FX/Niagara/Content/Enums/ENiagara_BankOnTurns.uasset" 917
"../../../Engine/Plugins/FX/Niagara/Content/Enums/ENiagara_BankOnTurns.uexp" 918
"../../../Engine/Plugins/FX/Niagara/Content/Enums/ENiagaraEmitterScalabilityMode.uasset" 919
"../../../Engine/Plugins/FX/Niagara/Content/Enums/ENiagaraEmitterScalabilityMode.uexp" 920
"../../../Engine/Plugins/FX/Niagara/Content/Enums/ENiagara_CameraProperties.uasset" 921
"../../../Engine/Plugins/FX/Niagara/Content/Enums/ENiagara_CameraProperties.uexp" 922
"../../../Engine/Plugins/FX/Niagara/Content/Enums/ENiagaraMeshSurfaceSamplingMode.uasset" 923
"../../../Engine/Plugins/FX/Niagara/Content/Enums/ENiagaraMeshSurfaceSamplingMode.uexp" 924
"../../../Engine/Plugins/FX/Niagara/Content/Enums/ENiagaraQuaternionDerivationTechnique.uasset" 925
"../../../Engine/Plugins/FX/Niagara/Content/Enums/ENiagaraQuaternionDerivationTechnique.uexp" 926
"../../../Engine/Plugins/FX/Niagara/Content/Enums/ENiagara_DirectReadApplicationMode.uasset" 927
"../../../Engine/Plugins/FX/Niagara/Content/Enums/ENiagara_DirectReadApplicationMode.uexp" 928
"../../../Engine/Plugins/FX/Niagara/Content/Enums/ENiagaraSocketSamplingMode.uasset" 929
"../../../Engine/Plugins/FX/Niagara/Content/Enums/ENiagaraSocketSamplingMode.uexp" 930
"../../../Engine/Plugins/FX/Niagara/Content/Enums/ENiagaraRandomnessMode.uasset" 931
"../../../Engine/Plugins/FX/Niagara/Content/Enums/ENiagaraRandomnessMode.uexp" 932
"../../../Engine/Plugins/FX/Niagara/Content/Enums/ENiagaraSkeletalSpawning.uasset" 933
"../../../Engine/Plugins/FX/Niagara/Content/Enums/ENiagaraSkeletalSpawning.uexp" 934
"../../../Engine/Plugins/FX/Niagara/Content/Enums/ENiagara_LifetimeInheritanceOptions.uasset" 935
"../../../Engine/Plugins/FX/Niagara/Content/Enums/ENiagara_LifetimeInheritanceOptions.uexp" 936
"../../../Engine/Plugins/FX/Niagara/Content/Enums/ENiagaraFrictionMergeType.uasset" 937
"../../../Engine/Plugins/FX/Niagara/Content/Enums/ENiagaraFrictionMergeType.uexp" 938
"../../../Engine/Plugins/FX/Niagara/Content/Enums/ENiagaraSkelSamplingFilteringMode.uasset" 939
"../../../Engine/Plugins/FX/Niagara/Content/Enums/ENiagaraSkelSamplingFilteringMode.uexp" 940
"../../../Engine/Plugins/FX/Niagara/Content/Enums/ENiagaraSkelSamplingModeFull.uasset" 941
"../../../Engine/Plugins/FX/Niagara/Content/Enums/ENiagaraSkelSamplingModeFull.uexp" 942
"../../../Engine/Plugins/FX/Niagara/Content/Enums/ENiagaraTorusDistributionMode.uasset" 943
"../../../Engine/Plugins/FX/Niagara/Content/Enums/ENiagaraTorusDistributionMode.uexp" 944
"../../../Engine/Plugins/FX/Niagara/Content/Enums/ENiagara_MultipleLerpCount.uasset" 945
"../../../Engine/Plugins/FX/Niagara/Content/Enums/ENiagara_MultipleLerpCount.uexp" 946
"../../../Engine/Plugins/FX/Niagara/Content/Enums/ENiagara_TransformOrientationMode.uasset" 947
"../../../Engine/Plugins/FX/Niagara/Content/Enums/ENiagara_TransformOrientationMode.uexp" 948
"../../../Engine/Plugins/FX/Niagara/Content/Enums/ENiagaraAnimTrailWidthMode.uasset" 949
"../../../Engine/Plugins/FX/Niagara/Content/Enums/ENiagaraAnimTrailWidthMode.uexp" 950
"../../../Engine/Plugins/FX/Niagara/Content/Enums/ENiagaraMassByVolume.uasset" 951
"../../../Engine/Plugins/FX/Niagara/Content/Enums/ENiagaraMassByVolume.uexp" 952
"../../../Engine/Plugins/FX/Niagara/Content/Enums/ENiagara_SizeScaleMode.uasset" 953
"../../../Engine/Plugins/FX/Niagara/Content/Enums/ENiagara_SizeScaleMode.uexp" 954
"../../../Engine/Plugins/FX/Niagara/Content/Enums/ENiagara_SpriteRotationMode.uasset" 955
"../../../Engine/Plugins/FX/Niagara/Content/Enums/ENiagara_SpriteRotationMode.uexp" 956
"../../../Engine/Plugins/FX/Niagara/Content/Enums/ENiagaraVertexFilteringMode.uasset" 957
"../../../Engine/Plugins/FX/Niagara/Content/Enums/ENiagaraVertexFilteringMode.uexp" 958
"../../../Engine/Plugins/FX/Niagara/Content/Enums/ENiagara_DirectReadSamplingMode.uasset" 959
"../../../Engine/Plugins/FX/Niagara/Content/Enums/ENiagara_DirectReadSamplingMode.uexp" 960
"../../../Engine/Plugins/FX/Niagara/Content/Enums/ENiagara_CollisionType.uasset" 961
"../../../Engine/Plugins/FX/Niagara/Content/Enums/ENiagara_CollisionType.uexp" 962
"../../../Engine/Plugins/FX/Niagara/Content/Enums/ENiagara_WaveformBlendMode.uasset" 963
"../../../Engine/Plugins/FX/Niagara/Content/Enums/ENiagara_WaveformBlendMode.uexp" 964
"../../../Engine/Plugins/FX/Niagara/Content/Enums/ENiagaraScaleColorMode.uasset" 965
"../../../Engine/Plugins/FX/Niagara/Content/Enums/ENiagaraScaleColorMode.uexp" 966
"../../../Engine/Plugins/FX/Niagara/Content/Enums/ENiagaraSkelMeshPositionSamplingMode.uasset" 967
"../../../Engine/Plugins/FX/Niagara/Content/Enums/ENiagaraSkelMeshPositionSamplingMode.uexp" 968
"../../../Engine/Plugins/FX/Niagara/Content/Enums/ENiagaraMeshOrSprite.uasset" 969
"../../../Engine/Plugins/FX/Niagara/Content/Enums/ENiagaraMeshOrSprite.uexp" 970
"../../../Engine/Plugins/FX/Niagara/Content/Enums/ENiagara_WaveformCount.uasset" 971
"../../../Engine/Plugins/FX/Niagara/Content/Enums/ENiagara_WaveformCount.uexp" 972
"../../../Engine/Plugins/FX/Niagara/Content/Enums/ENiagaraExpansionMode.uasset" 973
"../../../Engine/Plugins/FX/Niagara/Content/Enums/ENiagaraExpansionMode.uexp" 974
"../../../Engine/Plugins/FX/Niagara/Content/Enums/ENiagara_UVFlippingMode.uasset" 975
"../../../Engine/Plugins/FX/Niagara/Content/Enums/ENiagara_UVFlippingMode.uexp" 976
"../../../Engine/Plugins/FX/Niagara/Content/Enums/EniagaraAlternateRendererModes.uasset" 977
"../../../Engine/Plugins/FX/Niagara/Content/Enums/EniagaraAlternateRendererModes.uexp" 978
"../../../Engine/Plugins/FX/Niagara/Content/Enums/ENiagara_GPUCollisionType.uasset" 979
"../../../Engine/Plugins/FX/Niagara/Content/Enums/ENiagara_GPUCollisionType.uexp" 980
"../../../Engine/Plugins/FX/Niagara/Content/Enums/ENiagaraExecutionStateManagement.uasset" 981
"../../../Engine/Plugins/FX/Niagara/Content/Enums/ENiagaraExecutionStateManagement.uexp" 982
"../../../Engine/Plugins/FX/Niagara/Content/Enums/ENiagara_AttributeSamplingApplyOutput.uasset" 983
"../../../Engine/Plugins/FX/Niagara/Content/Enums/ENiagara_AttributeSamplingApplyOutput.uexp" 984
"../../../Engine/Plugins/FX/Niagara/Content/Enums/ENiagaraSystemInactiveMode.uasset" 985
"../../../Engine/Plugins/FX/Niagara/Content/Enums/ENiagaraSystemInactiveMode.uexp" 986
"../../../Engine/Plugins/FX/Niagara/Content/Enums/Events/ENiagara_LocEventType.uasset" 987
"../../../Engine/Plugins/FX/Niagara/Content/Enums/Events/ENiagara_LocEventType.uexp" 988
"../../../Engine/Plugins/FX/Niagara/Content/Enums/Location/ENiagara_CylinderMode.uasset" 989
"../../../Engine/Plugins/FX/Niagara/Content/Enums/Location/ENiagara_CylinderMode.uexp" 990
"../../../Engine/Plugins/FX/Niagara/Content/Enums/Utility/ENiagara_TImelineMode.uasset" 991
"../../../Engine/Plugins/FX/Niagara/Content/Enums/Utility/ENiagara_TImelineMode.uexp" 992
"../../../Engine/Plugins/FX/Niagara/Content/Enums/Utility/ENiagara_TimelineOutput.uasset" 993
"../../../Engine/Plugins/FX/Niagara/Content/Enums/Utility/ENiagara_TimelineOutput.uexp" 994
"../../../Engine/Plugins/FX/Niagara/Content/Enums/Utility/ENiagara_TimelineOutputMode.uasset" 995
"../../../Engine/Plugins/FX/Niagara/Content/Enums/Utility/ENiagara_TimelineOutputMode.uexp" 996
"../../../Engine/Plugins/FX/Niagara/Content/Enums/Utility/ENiagara_TimelineAuthority.uasset" 997
"../../../Engine/Plugins/FX/Niagara/Content/Enums/Utility/ENiagara_TimelineAuthority.uexp" 998
"../../../Engine/Plugins/FX/Niagara/Content/Enums/CascadeConversion/ECascadeNiagaraOrbitChainMode.uasset" 999
"../../../Engine/Plugins/FX/Niagara/Content/Enums/CascadeConversion/ECascadeNiagaraOrbitChainMode.uexp" 1000
"../../../Engine/Plugins/FX/Niagara/Content/Enums/CascadeConversion/ECascadeNiagaraTwoVectorChannels.uasset" 1001
"../../../Engine/Plugins/FX/Niagara/Content/Enums/CascadeConversion/ECascadeNiagaraTwoVectorChannels.uexp" 1002
"../../../Engine/Plugins/FX/Niagara/Content/Enums/Comparison/CompareValues.uasset" 1003
"../../../Engine/Plugins/FX/Niagara/Content/Enums/Comparison/CompareValues.uexp" 1004
"../../../Engine/Plugins/FX/Niagara/Content/Enums/SpriteRenderer/ENiagara_ScaleSpriteSize.uasset" 1005
"../../../Engine/Plugins/FX/Niagara/Content/Enums/SpriteRenderer/ENiagara_ScaleSpriteSize.uexp" 1006
"../../../Engine/Plugins/FX/Niagara/Content/Enums/Ribbons/ENiagara_UnsetDirectSetRandom.uasset" 1007
"../../../Engine/Plugins/FX/Niagara/Content/Enums/Ribbons/ENiagara_UnsetDirectSetRandom.uexp" 1008
"../../../Engine/Plugins/FX/Niagara/Content/Enums/Ribbons/ENiagara_UnsetDirectSet.uasset" 1009
"../../../Engine/Plugins/FX/Niagara/Content/Enums/Ribbons/ENiagara_UnsetDirectSet.uexp" 1010
"../../../Engine/Plugins/FX/Niagara/Content/Enums/Transforms/ENiagara_OffsetMode.uasset" 1011
"../../../Engine/Plugins/FX/Niagara/Content/Enums/Transforms/ENiagara_OffsetMode.uexp" 1012
"../../../Engine/Plugins/FX/Niagara/Content/Enums/Transforms/ENiagara_RotationMode.uasset" 1013
"../../../Engine/Plugins/FX/Niagara/Content/Enums/Transforms/ENiagara_RotationMode.uexp" 1014
"../../../Engine/Plugins/FX/Niagara/Content/Enums/Transforms/ENiagara_TransformType.uasset" 1015
"../../../Engine/Plugins/FX/Niagara/Content/Enums/Transforms/ENiagara_TransformType.uexp" 1016
"../../../Engine/Plugins/FX/Niagara/Content/Enums/Transforms/ENiagara_TransformOrder.uasset" 1017
"../../../Engine/Plugins/FX/Niagara/Content/Enums/Transforms/ENiagara_TransformOrder.uexp" 1018
"../../../Engine/Plugins/FX/Niagara/Content/Enums/Transforms/ENiagara_ScaleMode.uasset" 1019
"../../../Engine/Plugins/FX/Niagara/Content/Enums/Transforms/ENiagara_ScaleMode.uexp" 1020
"../../../Engine/Plugins/FX/Niagara/Content/Enums/Audio/PlayAudioMode.uasset" 1021
"../../../Engine/Plugins/FX/Niagara/Content/Enums/Audio/PlayAudioMode.uexp" 1022
"../../../Engine/Plugins/FX/Niagara/Content/Enums/Masks/ENiagaraRegionMaskValue.uasset" 1023
"../../../Engine/Plugins/FX/Niagara/Content/Enums/Masks/ENiagaraRegionMaskValue.uexp" 1024
"../../../Engine/Plugins/FX/Niagara/Content/Enums/Masks/ENiagaraDebugDrawShape.uasset" 1025
"../../../Engine/Plugins/FX/Niagara/Content/Enums/Masks/ENiagaraDebugDrawShape.uexp" 1026
"../../../Engine/Plugins/FX/Niagara/Content/Enums/Angles/ENiagara_AngleInput.uasset" 1027
"../../../Engine/Plugins/FX/Niagara/Content/Enums/Angles/ENiagara_AngleInput.uexp" 1028
"../../../Engine/Plugins/FX/Niagara/Content/Icons/S_ParticleSystem.uasset" 1029
"../../../Engine/Plugins/FX/Niagara/Content/Icons/S_ParticleSystem.uexp" 1030
"../../../Engine/Plugins/FX/Niagara/Content/Icons/S_ParticleSystem.ubulk" 1031
"../../../Engine/Content/Maps/Entry_BuiltData.uasset" 1032
"../../../Engine/Content/Maps/Entry_BuiltData.uexp" 1033
"../../../Engine/Content/Maps/Entry.uexp" 1034
"../../../Engine/Content/Maps/Entry.umap" 1035
"../../../Engine/Content/EngineSky/T_Sky_Stars.uasset" 1036
"../../../Engine/Content/EngineSky/T_Sky_Stars.uexp" 1037
"../../../Engine/Content/EngineSky/T_Sky_Stars.ubulk" 1038
"../../../Engine/Content/EngineSky/T_Sky_Clouds_M.uasset" 1039
"../../../Engine/Content/EngineSky/T_Sky_Clouds_M.uexp" 1040
"../../../Engine/Content/EngineSky/T_Sky_Clouds_M.ubulk" 1041
"../../../Engine/Content/EngineSky/T_Sky_Blue.uasset" 1042
"../../../Engine/Content/EngineSky/T_Sky_Blue.uexp" 1043
"../../../Engine/Content/EngineSky/T_Sky_Blue.ubulk" 1044
"../../../Engine/Content/EngineSky/M_Sky_Panning_Clouds2.uasset" 1045
"../../../Engine/Content/EngineSky/M_Sky_Panning_Clouds2.uexp" 1046
"../../../Engine/Content/EngineSky/SM_SkySphere.uasset" 1047
"../../../Engine/Content/EngineSky/SM_SkySphere.uexp" 1048
"../../../Engine/Content/EngineSky/C_Sky_Horizon_Color.uasset" 1049
"../../../Engine/Content/EngineSky/C_Sky_Horizon_Color.uexp" 1050
"../../../Engine/Content/EngineSky/C_Sky_Zenith_Color.uasset" 1051
"../../../Engine/Content/EngineSky/C_Sky_Zenith_Color.uexp" 1052
"../../../Engine/Content/EngineSky/C_Sky_Cloud_Color.uasset" 1053
"../../../Engine/Content/EngineSky/C_Sky_Cloud_Color.uexp" 1054
"../../../Engine/Content/EngineSky/BP_Sky_Sphere.uasset" 1055
"../../../Engine/Content/EngineSky/BP_Sky_Sphere.uexp" 1056
"/home/tux/Documents/GitHub/SteelTower/SteelTower/Content/SteelTower/Materials/NewPhysicalMaterial.uasset" 1057
"/home/tux/Documents/GitHub/SteelTower/SteelTower/Content/SteelTower/Materials/NewPhysicalMaterial.uexp" 1058
"/home/tux/Documents/GitHub/SteelTower/SteelTower/Content/SteelTower/Materials/Material_011.uasset" 1059
"/home/tux/Documents/GitHub/SteelTower/SteelTower/Content/SteelTower/Materials/Material_011.uexp" 1060
"/home/tux/Documents/GitHub/SteelTower/SteelTower/Content/SteelTower/Materials/Material_010.uasset" 1061
"/home/tux/Documents/GitHub/SteelTower/SteelTower/Content/SteelTower/Materials/Material_010.uexp" 1062
"/home/tux/Documents/GitHub/SteelTower/SteelTower/Content/SteelTower/Materials/Material_007.uasset" 1063
"/home/tux/Documents/GitHub/SteelTower/SteelTower/Content/SteelTower/Materials/Material_007.uexp" 1064
"/home/tux/Documents/GitHub/SteelTower/SteelTower/Content/SteelTower/Assets/Soccer_Ball.uasset" 1065
"/home/tux/Documents/GitHub/SteelTower/SteelTower/Content/SteelTower/Assets/Soccer_Ball.uexp" 1066
"/home/tux/Documents/GitHub/SteelTower/SteelTower/Content/SteelTower/Blueprints/NewBlueprint.uasset" 1067
"/home/tux/Documents/GitHub/SteelTower/SteelTower/Content/SteelTower/Blueprints/NewBlueprint.uexp" 1068
"/home/tux/Documents/GitHub/SteelTower/SteelTower/Content/SteelTower/Blueprints/Spline.uasset" 1069
"/home/tux/Documents/GitHub/SteelTower/SteelTower/Content/SteelTower/Blueprints/Spline.uexp" 1070
"/home/tux/Documents/GitHub/SteelTower/SteelTower/Content/SteelTower/Maps/Level_01_BuiltData.uasset" 1071
"/home/tux/Documents/GitHub/SteelTower/SteelTower/Content/SteelTower/Maps/Level_01_BuiltData.uexp" 1072
"/home/tux/Documents/GitHub/SteelTower/SteelTower/Content/SteelTower/Maps/Level_01_BuiltData.ubulk" 1073
"/home/tux/Documents/GitHub/SteelTower/SteelTower/Content/SteelTower/Blueprints/Spline1.uasset" 1074
"/home/tux/Documents/GitHub/SteelTower/SteelTower/Content/SteelTower/Blueprints/Spline1.uexp" 1075
"/home/tux/Documents/GitHub/SteelTower/SteelTower/Content/SteelTower/Materials/Material_002.uasset" 1076
"/home/tux/Documents/GitHub/SteelTower/SteelTower/Content/SteelTower/Materials/Material_002.uexp" 1077
"/home/tux/Documents/GitHub/SteelTower/SteelTower/Content/SteelTower/Materials/Material_001.uasset" 1078
"/home/tux/Documents/GitHub/SteelTower/SteelTower/Content/SteelTower/Materials/Material_001.uexp" 1079
"/home/tux/Documents/GitHub/SteelTower/SteelTower/Content/SteelTower/Materials/Material.uasset" 1080
"/home/tux/Documents/GitHub/SteelTower/SteelTower/Content/SteelTower/Materials/Material.uexp" 1081
"/home/tux/Documents/GitHub/SteelTower/SteelTower/Content/SteelTower/Assets/RedPawn.uasset" 1082
"/home/tux/Documents/GitHub/SteelTower/SteelTower/Content/SteelTower/Assets/RedPawn.uexp" 1083
"/home/tux/Documents/GitHub/SteelTower/SteelTower/Content/SteelTower/Blueprints/Enemy_AI.uasset" 1084
"/home/tux/Documents/GitHub/SteelTower/SteelTower/Content/SteelTower/Blueprints/Enemy_AI.uexp" 1085
"/home/tux/Documents/GitHub/SteelTower/SteelTower/Content/SteelTower/Textures/cgshare-book-untitled-1.uasset" 1086
"/home/tux/Documents/GitHub/SteelTower/SteelTower/Content/SteelTower/Textures/cgshare-book-untitled-1.uexp" 1087
"/home/tux/Documents/GitHub/SteelTower/SteelTower/Content/SteelTower/Textures/cgshare-book-untitled-1.ubulk" 1088
"/home/tux/Documents/GitHub/SteelTower/SteelTower/Content/SteelTower/Materials/Material_009.uasset" 1089
"/home/tux/Documents/GitHub/SteelTower/SteelTower/Content/SteelTower/Materials/Material_009.uexp" 1090
"/home/tux/Documents/GitHub/SteelTower/SteelTower/Content/SteelTower/Textures/Low-PolyGrass.uasset" 1091
"/home/tux/Documents/GitHub/SteelTower/SteelTower/Content/SteelTower/Textures/Low-PolyGrass.uexp" 1092
"/home/tux/Documents/GitHub/SteelTower/SteelTower/Content/SteelTower/Textures/Low-PolyGrass.ubulk" 1093
"/home/tux/Documents/GitHub/SteelTower/SteelTower/Content/SteelTower/Materials/Material_008.uasset" 1094
"/home/tux/Documents/GitHub/SteelTower/SteelTower/Content/SteelTower/Materials/Material_008.uexp" 1095
"/home/tux/Documents/GitHub/SteelTower/SteelTower/Content/SteelTower/Assets/Arena.uasset" 1096
"/home/tux/Documents/GitHub/SteelTower/SteelTower/Content/SteelTower/Assets/Arena.uexp" 1097
"/home/tux/Documents/GitHub/SteelTower/SteelTower/Content/SteelTower/Materials/Material_003.uasset" 1098
"/home/tux/Documents/GitHub/SteelTower/SteelTower/Content/SteelTower/Materials/Material_003.uexp" 1099
"/home/tux/Documents/GitHub/SteelTower/SteelTower/Content/SteelTower/Materials/Material_005.uasset" 1100
"/home/tux/Documents/GitHub/SteelTower/SteelTower/Content/SteelTower/Materials/Material_005.uexp" 1101
"/home/tux/Documents/GitHub/SteelTower/SteelTower/Content/SteelTower/Materials/Material_004.uasset" 1102
"/home/tux/Documents/GitHub/SteelTower/SteelTower/Content/SteelTower/Materials/Material_004.uexp" 1103
"/home/tux/Documents/GitHub/SteelTower/SteelTower/Content/SteelTower/Assets/BluePawn.uasset" 1104
"/home/tux/Documents/GitHub/SteelTower/SteelTower/Content/SteelTower/Assets/BluePawn.uexp" 1105
"/home/tux/Documents/GitHub/SteelTower/SteelTower/Content/Levels/1233259_10152278600108228_249867952_o.uasset" 1106
"/home/tux/Documents/GitHub/SteelTower/SteelTower/Content/Levels/1233259_10152278600108228_249867952_o.uexp" 1107
"/home/tux/Documents/GitHub/SteelTower/SteelTower/Content/Main_Menu/Credits_Widget.uasset" 1108
"/home/tux/Documents/GitHub/SteelTower/SteelTower/Content/Main_Menu/Credits_Widget.uexp" 1109
"/home/tux/Documents/GitHub/SteelTower/SteelTower/Content/StarterContent/Audio/Starter_Music01.uasset" 1110
"/home/tux/Documents/GitHub/SteelTower/SteelTower/Content/StarterContent/Audio/Starter_Music01.uexp" 1111
"/home/tux/Documents/GitHub/SteelTower/SteelTower/Content/Main_Menu/Main_Menu_Widget.uasset" 1112
"/home/tux/Documents/GitHub/SteelTower/SteelTower/Content/Main_Menu/Main_Menu_Widget.uexp" 1113
"/home/tux/Documents/GitHub/SteelTower/SteelTower/Content/Main_Menu/Options_Menu_Widget.uasset" 1114
"/home/tux/Documents/GitHub/SteelTower/SteelTower/Content/Main_Menu/Options_Menu_Widget.uexp" 1115
"/home/tux/Documents/GitHub/SteelTower/SteelTower/Content/Pause_Menu/Pause_Menu_Widget.uasset" 1116
"/home/tux/Documents/GitHub/SteelTower/SteelTower/Content/Pause_Menu/Pause_Menu_Widget.uexp" 1117
"/home/tux/Documents/GitHub/SteelTower/SteelTower/Content/SteelTower/Blueprints/BluePawn.uasset" 1118
"/home/tux/Documents/GitHub/SteelTower/SteelTower/Content/SteelTower/Blueprints/BluePawn.uexp" 1119
"/home/tux/Documents/GitHub/SteelTower/SteelTower/Content/SteelTower/Maps/Level_01.uexp" 1120
"/home/tux/Documents/GitHub/SteelTower/SteelTower/Content/SteelTower/Maps/Level_01.umap" 1121
"/home/tux/Documents/GitHub/SteelTower/SteelTower/Content/Main_Menu/MainMenuc_PC.uasset" 1122
"/home/tux/Documents/GitHub/SteelTower/SteelTower/Content/Main_Menu/MainMenuc_PC.uexp" 1123
"/home/tux/Documents/GitHub/SteelTower/SteelTower/Content/Main_Menu/MainMenuGameMode.uasset" 1124
"/home/tux/Documents/GitHub/SteelTower/SteelTower/Content/Main_Menu/MainMenuGameMode.uexp" 1125
"/home/tux/Documents/GitHub/SteelTower/SteelTower/Content/Levels/Main_Menu_Level_BuiltData.uasset" 1126
"/home/tux/Documents/GitHub/SteelTower/SteelTower/Content/Levels/Main_Menu_Level_BuiltData.uexp" 1127
"/home/tux/Documents/GitHub/SteelTower/SteelTower/Content/Levels/Main_Menu_Level.uexp" 1128
"/home/tux/Documents/GitHub/SteelTower/SteelTower/Content/Levels/Main_Menu_Level.umap" 1129
